<?xml version="1.0" encoding="UTF-8"?>
<testng-results skipped="21" failed="30" total="53" passed="2">
  <reporter-output>
    <line>
      <![CDATA[On Home page title is Official PUMA Online Store | Russia]]>
    </line>
    <line>
      <![CDATA[On subcategory page title is 'Men's Fleece Track Pants - EU']]>
    </line>
    <line>
      <![CDATA[Selected color on PDP is: 'black-white']]>
    </line>
    <line>
      <![CDATA[After click on 2nd color swatch label changed to 'medium gray heather']]>
    </line>
    <line>
      <![CDATA[Page title on Cart page is PUMA Cart]]>
    </line>
    <line>
      <![CDATA[On checkout 'Sign In' page title is Sites-EU-Site]]>
    </line>
    <line>
      <![CDATA[On page Step2 label for radio buttons is SELECT A PAYMENT OPTION ? REQUIRED]]>
    </line>
    <line>
      <![CDATA[Total on Step2 is ? 3.580,00]]>
    </line>
    <line>
      <![CDATA[Subtotal on Step2 is? 3.580,00]]>
    </line>
    <line>
      <![CDATA[Page title is SiteGenesis Checkout]]>
    </line>
    <line>
      <![CDATA[Page title is Sites-EU-Site]]>
    </line>
    <line>
      <![CDATA[Saved <a href=../screenshot/FAIL/11_Jan_2014__05_50_08PM.png>Screenshot</a>]]>
    </line>
    <line>
      <![CDATA[On Home page title is Official PUMA Online Store | Russia]]>
    </line>
    <line>
      <![CDATA[On subcategory page title is 'Men's Fleece Track Pants - EU']]>
    </line>
    <line>
      <![CDATA[Selected color on PDP is: 'black-white']]>
    </line>
    <line>
      <![CDATA[After click on 2nd color swatch label changed to 'medium gray heather']]>
    </line>
    <line>
      <![CDATA[Page title on Cart page is PUMA Cart]]>
    </line>
    <line>
      <![CDATA[On checkout 'Sign In' page title is Sites-EU-Site]]>
    </line>
    <line>
      <![CDATA[On page Step2 label for radio buttons is ENTER PAYMENT ADDRESS [*Required]]]>
    </line>
    <line>
      <![CDATA[Total on Step2 is ? 3.580,00]]>
    </line>
    <line>
      <![CDATA[Subtotal on Step2 is? 3.580,00]]>
    </line>
    <line>
      <![CDATA[Saved <a href=../screenshot/FAIL/11_Jan_2014__05_51_29PM.png>Screenshot</a>]]>
    </line>
    <line>
      <![CDATA[On Home page title is Official PUMA Online Store | Russia]]>
    </line>
    <line>
      <![CDATA[On subcategory page title is 'Men's Fleece Track Pants - EU']]>
    </line>
    <line>
      <![CDATA[Selected color on PDP is: 'black-white']]>
    </line>
    <line>
      <![CDATA[After click on 2nd color swatch label changed to 'medium gray heather']]>
    </line>
    <line>
      <![CDATA[Page title on Cart page is PUMA Cart]]>
    </line>
    <line>
      <![CDATA[On checkout 'Sign In' page title is Sites-EU-Site]]>
    </line>
    <line>
      <![CDATA[On page Step2 label for radio buttons is SELECT A PAYMENT OPTION ? REQUIRED]]>
    </line>
    <line>
      <![CDATA[Total on Step2 is ? 7.160,00]]>
    </line>
    <line>
      <![CDATA[Subtotal on Step2 is? 7.160,00]]>
    </line>
    <line>
      <![CDATA[Page title is SiteGenesis Checkout]]>
    </line>
    <line>
      <![CDATA[Page title is Sites-EU-Site]]>
    </line>
    <line>
      <![CDATA[Saved <a href=../screenshot/FAIL/11_Jan_2014__05_53_14PM.png>Screenshot</a>]]>
    </line>
    <line>
      <![CDATA[On Home page title is Official PUMA Online Store | Russia]]>
    </line>
    <line>
      <![CDATA[On subcategory page title is 'Men's Fleece Track Pants - EU']]>
    </line>
    <line>
      <![CDATA[Selected color on PDP is: 'black-white']]>
    </line>
    <line>
      <![CDATA[After click on 2nd color swatch label changed to 'medium gray heather']]>
    </line>
    <line>
      <![CDATA[Page title on Cart page is PUMA Cart]]>
    </line>
    <line>
      <![CDATA[On checkout 'Sign In' page title is Sites-EU-Site]]>
    </line>
    <line>
      <![CDATA[On page Step2 label for radio buttons is ENTER PAYMENT ADDRESS [*Required]]]>
    </line>
    <line>
      <![CDATA[Total on Step2 is ? 3.580,00]]>
    </line>
    <line>
      <![CDATA[Subtotal on Step2 is? 3.580,00]]>
    </line>
    <line>
      <![CDATA[Saved <a href=../screenshot/FAIL/11_Jan_2014__05_54_36PM.png>Screenshot</a>]]>
    </line>
    <line>
      <![CDATA[On Home page title is Official PUMA Online Store | Russia]]>
    </line>
    <line>
      <![CDATA[On subcategory page title is 'Men's Fleece Track Pants - EU']]>
    </line>
    <line>
      <![CDATA[Selected color on PDP is: 'black-white']]>
    </line>
    <line>
      <![CDATA[After click on 2nd color swatch label changed to 'medium gray heather']]>
    </line>
    <line>
      <![CDATA[Page title on Cart page is PUMA Cart]]>
    </line>
    <line>
      <![CDATA[On checkout 'Sign In' page title is Sites-EU-Site]]>
    </line>
    <line>
      <![CDATA[On page Step2 label for radio buttons is ENTER PAYMENT ADDRESS [*Required]]]>
    </line>
    <line>
      <![CDATA[Total on Step2 is ? 7.160,00]]>
    </line>
    <line>
      <![CDATA[Subtotal on Step2 is? 7.160,00]]>
    </line>
    <line>
      <![CDATA[Saved <a href=../screenshot/FAIL/11_Jan_2014__05_56_01PM.png>Screenshot</a>]]>
    </line>
    <line>
      <![CDATA[On Home page title is Official PUMA Online Store | Russia]]>
    </line>
    <line>
      <![CDATA[On subcategory page title is 'Men's Fleece Track Pants - EU']]>
    </line>
    <line>
      <![CDATA[Selected color on PDP is: 'black-white']]>
    </line>
    <line>
      <![CDATA[After click on 2nd color swatch label changed to 'medium gray heather']]>
    </line>
    <line>
      <![CDATA[Page title on Cart page is PUMA Cart]]>
    </line>
    <line>
      <![CDATA[On checkout 'Sign In' page title is Sites-EU-Site]]>
    </line>
    <line>
      <![CDATA[On page Step2 label for radio buttons is ENTER PAYMENT ADDRESS [*Required]]]>
    </line>
    <line>
      <![CDATA[Total on Step2 is ? 10.740,00]]>
    </line>
    <line>
      <![CDATA[Subtotal on Step2 is? 10.740,00]]>
    </line>
    <line>
      <![CDATA[Saved <a href=../screenshot/FAIL/11_Jan_2014__05_57_27PM.png>Screenshot</a>]]>
    </line>
    <line>
      <![CDATA[On Home page title is Official PUMA Online Store | Russia]]>
    </line>
    <line>
      <![CDATA[On subcategory page title is 'Men's Fleece Track Pants - EU']]>
    </line>
    <line>
      <![CDATA[Selected color on PDP is: 'black-white']]>
    </line>
    <line>
      <![CDATA[After click on 2nd color swatch label changed to 'medium gray heather']]>
    </line>
    <line>
      <![CDATA[Page title on Cart page is PUMA Cart]]>
    </line>
    <line>
      <![CDATA[On checkout 'Sign In' page title is Sites-EU-Site]]>
    </line>
    <line>
      <![CDATA[On page Step2 label for radio buttons is ENTER PAYMENT ADDRESS [*Required]]]>
    </line>
    <line>
      <![CDATA[Total on Step2 is ? 14.320,00]]>
    </line>
    <line>
      <![CDATA[Subtotal on Step2 is? 14.320,00]]>
    </line>
    <line>
      <![CDATA[Saved <a href=../screenshot/FAIL/11_Jan_2014__05_58_45PM.png>Screenshot</a>]]>
    </line>
    <line>
      <![CDATA[On Home page title is Official PUMA Online Store | Russia]]>
    </line>
    <line>
      <![CDATA[On subcategory page title is 'Men's Fleece Track Pants - EU']]>
    </line>
    <line>
      <![CDATA[Selected color on PDP is: 'black-white']]>
    </line>
    <line>
      <![CDATA[After click on 2nd color swatch label changed to 'medium gray heather']]>
    </line>
    <line>
      <![CDATA[Page title on Cart page is PUMA Cart]]>
    </line>
    <line>
      <![CDATA[On checkout 'Sign In' page title is Sites-EU-Site]]>
    </line>
    <line>
      <![CDATA[On page Step2 label for radio buttons is ENTER PAYMENT ADDRESS [*Required]]]>
    </line>
    <line>
      <![CDATA[Total on Step2 is ? 17.900,00]]>
    </line>
    <line>
      <![CDATA[Subtotal on Step2 is? 17.900,00]]>
    </line>
    <line>
      <![CDATA[Saved <a href=../screenshot/FAIL/11_Jan_2014__06_00_06PM.png>Screenshot</a>]]>
    </line>
    <line>
      <![CDATA[On Home page title is Official PUMA Online Store | Russia]]>
    </line>
    <line>
      <![CDATA[On subcategory page title is 'Men's Fleece Track Pants - EU']]>
    </line>
    <line>
      <![CDATA[Selected color on PDP is: 'black-white']]>
    </line>
    <line>
      <![CDATA[After click on 2nd color swatch label changed to 'medium gray heather']]>
    </line>
    <line>
      <![CDATA[Page title on Cart page is PUMA Cart]]>
    </line>
    <line>
      <![CDATA[On checkout 'Sign In' page title is Sites-EU-Site]]>
    </line>
    <line>
      <![CDATA[On page Step2 label for radio buttons is ENTER PAYMENT ADDRESS [*Required]]]>
    </line>
    <line>
      <![CDATA[Total on Step2 is ? 21.480,00]]>
    </line>
    <line>
      <![CDATA[Subtotal on Step2 is? 21.480,00]]>
    </line>
    <line>
      <![CDATA[Saved <a href=../screenshot/FAIL/11_Jan_2014__06_01_28PM.png>Screenshot</a>]]>
    </line>
    <line>
      <![CDATA[On Home page title is Official PUMA Online Store | Russia]]>
    </line>
    <line>
      <![CDATA[On subcategory page title is 'Men's Fleece Track Pants - EU']]>
    </line>
    <line>
      <![CDATA[Selected color on PDP is: 'black-white']]>
    </line>
    <line>
      <![CDATA[After click on 2nd color swatch label changed to 'medium gray heather']]>
    </line>
    <line>
      <![CDATA[Page title on Cart page is PUMA Cart]]>
    </line>
    <line>
      <![CDATA[On checkout 'Sign In' page title is Sites-EU-Site]]>
    </line>
    <line>
      <![CDATA[On page Step2 label for radio buttons is ENTER PAYMENT ADDRESS [*Required]]]>
    </line>
    <line>
      <![CDATA[Total on Step2 is ? 25.060,00]]>
    </line>
    <line>
      <![CDATA[Subtotal on Step2 is? 25.060,00]]>
    </line>
    <line>
      <![CDATA[Saved <a href=../screenshot/FAIL/11_Jan_2014__06_02_52PM.png>Screenshot</a>]]>
    </line>
    <line>
      <![CDATA[On Home page title is Official PUMA Online Store | Russia]]>
    </line>
    <line>
      <![CDATA[On subcategory page title is 'Men's Fleece Track Pants - EU']]>
    </line>
    <line>
      <![CDATA[Selected color on PDP is: 'black-white']]>
    </line>
    <line>
      <![CDATA[After click on 2nd color swatch label changed to 'medium gray heather']]>
    </line>
    <line>
      <![CDATA[Page title on Cart page is PUMA Cart]]>
    </line>
    <line>
      <![CDATA[On checkout 'Sign In' page title is Sites-EU-Site]]>
    </line>
    <line>
      <![CDATA[On page Step2 label for radio buttons is ENTER PAYMENT ADDRESS [*Required]]]>
    </line>
    <line>
      <![CDATA[Total on Step2 is ? 28.640,00]]>
    </line>
    <line>
      <![CDATA[Subtotal on Step2 is? 28.640,00]]>
    </line>
    <line>
      <![CDATA[Saved <a href=../screenshot/FAIL/11_Jan_2014__06_04_12PM.png>Screenshot</a>]]>
    </line>
    <line>
      <![CDATA[On Home page title is Official PUMA Online Store | Russia]]>
    </line>
    <line>
      <![CDATA[On subcategory page title is 'Men's Fleece Track Pants - EU']]>
    </line>
    <line>
      <![CDATA[Selected color on PDP is: 'black-white']]>
    </line>
    <line>
      <![CDATA[After click on 2nd color swatch label changed to 'medium gray heather']]>
    </line>
    <line>
      <![CDATA[Page title on Cart page is PUMA Cart]]>
    </line>
    <line>
      <![CDATA[On checkout 'Sign In' page title is Sites-EU-Site]]>
    </line>
    <line>
      <![CDATA[On page Step2 label for radio buttons is ENTER PAYMENT ADDRESS [*Required]]]>
    </line>
    <line>
      <![CDATA[Total on Step2 is ? 32.220,00]]>
    </line>
    <line>
      <![CDATA[Subtotal on Step2 is? 32.220,00]]>
    </line>
    <line>
      <![CDATA[Saved <a href=../screenshot/FAIL/11_Jan_2014__06_05_43PM.png>Screenshot</a>]]>
    </line>
    <line>
      <![CDATA[On Home page title is Official PUMA Online Store | Russia]]>
    </line>
    <line>
      <![CDATA[On subcategory page title is 'Men's Fleece Track Pants - EU']]>
    </line>
    <line>
      <![CDATA[Selected color on PDP is: 'black-white']]>
    </line>
    <line>
      <![CDATA[After click on 2nd color swatch label changed to 'medium gray heather']]>
    </line>
    <line>
      <![CDATA[Page title on Cart page is PUMA Cart]]>
    </line>
    <line>
      <![CDATA[On checkout 'Sign In' page title is Sites-EU-Site]]>
    </line>
    <line>
      <![CDATA[On page Step2 label for radio buttons is ENTER PAYMENT ADDRESS [*Required]]]>
    </line>
    <line>
      <![CDATA[Total on Step2 is ? 35.800,00]]>
    </line>
    <line>
      <![CDATA[Subtotal on Step2 is? 35.800,00]]>
    </line>
    <line>
      <![CDATA[Saved <a href=../screenshot/FAIL/11_Jan_2014__06_07_05PM.png>Screenshot</a>]]>
    </line>
    <line>
      <![CDATA[On Home page title is Official PUMA Online Store | Russia]]>
    </line>
    <line>
      <![CDATA[On subcategory page title is 'Men's Fleece Track Pants - EU']]>
    </line>
    <line>
      <![CDATA[Selected color on PDP is: 'black-white']]>
    </line>
    <line>
      <![CDATA[After click on 2nd color swatch label changed to 'medium gray heather']]>
    </line>
    <line>
      <![CDATA[Page title on Cart page is PUMA Cart]]>
    </line>
    <line>
      <![CDATA[On checkout 'Sign In' page title is Sites-EU-Site]]>
    </line>
    <line>
      <![CDATA[On page Step2 label for radio buttons is ENTER PAYMENT ADDRESS [*Required]]]>
    </line>
    <line>
      <![CDATA[Total on Step2 is ? 39.380,00]]>
    </line>
    <line>
      <![CDATA[Subtotal on Step2 is? 39.380,00]]>
    </line>
    <line>
      <![CDATA[Saved <a href=../screenshot/FAIL/11_Jan_2014__06_08_30PM.png>Screenshot</a>]]>
    </line>
    <line>
      <![CDATA[On Home page title is Official PUMA Online Store | Russia]]>
    </line>
    <line>
      <![CDATA[On subcategory page title is 'Men's Fleece Track Pants - EU']]>
    </line>
    <line>
      <![CDATA[Selected color on PDP is: 'black-white']]>
    </line>
    <line>
      <![CDATA[After click on 2nd color swatch label changed to 'medium gray heather']]>
    </line>
    <line>
      <![CDATA[Page title on Cart page is PUMA Cart]]>
    </line>
    <line>
      <![CDATA[On checkout 'Sign In' page title is Sites-EU-Site]]>
    </line>
    <line>
      <![CDATA[On page Step2 label for radio buttons is ENTER PAYMENT ADDRESS [*Required]]]>
    </line>
    <line>
      <![CDATA[Total on Step2 is ? 42.960,00]]>
    </line>
    <line>
      <![CDATA[Subtotal on Step2 is? 42.960,00]]>
    </line>
    <line>
      <![CDATA[Saved <a href=../screenshot/FAIL/11_Jan_2014__06_09_52PM.png>Screenshot</a>]]>
    </line>
    <line>
      <![CDATA[On Home page title is Official PUMA Online Store | Russia]]>
    </line>
    <line>
      <![CDATA[On subcategory page title is 'Men's Fleece Track Pants - EU']]>
    </line>
    <line>
      <![CDATA[Selected color on PDP is: 'black-white']]>
    </line>
    <line>
      <![CDATA[After click on 2nd color swatch label changed to 'medium gray heather']]>
    </line>
    <line>
      <![CDATA[Page title on Cart page is PUMA Cart]]>
    </line>
    <line>
      <![CDATA[On checkout 'Sign In' page title is Sites-EU-Site]]>
    </line>
    <line>
      <![CDATA[On page Step2 label for radio buttons is ENTER PAYMENT ADDRESS [*Required]]]>
    </line>
    <line>
      <![CDATA[Total on Step2 is ? 46.540,00]]>
    </line>
    <line>
      <![CDATA[Subtotal on Step2 is? 46.540,00]]>
    </line>
    <line>
      <![CDATA[Saved <a href=../screenshot/FAIL/11_Jan_2014__06_11_15PM.png>Screenshot</a>]]>
    </line>
    <line>
      <![CDATA[On Home page title is Official PUMA Online Store | Russia]]>
    </line>
    <line>
      <![CDATA[On subcategory page title is 'Men's Fleece Track Pants - EU']]>
    </line>
    <line>
      <![CDATA[Selected color on PDP is: 'black-white']]>
    </line>
    <line>
      <![CDATA[After click on 2nd color swatch label changed to 'medium gray heather']]>
    </line>
    <line>
      <![CDATA[Skipped test to avoid test failure due to dependency]]>
    </line>
    <line>
      <![CDATA[Skipped test to avoid test failure due to dependency]]>
    </line>
    <line>
      <![CDATA[Saved <a href=../screenshot/FAIL/11_Jan_2014__06_12_20PM.png>Screenshot</a>]]>
    </line>
    <line>
      <![CDATA[Saved <a href=../screenshot/FAIL/11_Jan_2014__06_12_20PM.png>Screenshot</a>]]>
    </line>
    <line>
      <![CDATA[Saved <a href=../screenshot/FAIL/11_Jan_2014__06_12_21PM.png>Screenshot</a>]]>
    </line>
    <line>
      <![CDATA[Saved <a href=../screenshot/FAIL/11_Jan_2014__06_12_21PM.png>Screenshot</a>]]>
    </line>
    <line>
      <![CDATA[Saved <a href=../screenshot/FAIL/11_Jan_2014__06_12_21PM.png>Screenshot</a>]]>
    </line>
    <line>
      <![CDATA[Saved <a href=../screenshot/FAIL/11_Jan_2014__06_12_22PM.png>Screenshot</a>]]>
    </line>
    <line>
      <![CDATA[Saved <a href=../screenshot/FAIL/11_Jan_2014__06_12_22PM.png>Screenshot</a>]]>
    </line>
    <line>
      <![CDATA[Saved <a href=../screenshot/FAIL/11_Jan_2014__06_12_22PM.png>Screenshot</a>]]>
    </line>
    <line>
      <![CDATA[Saved <a href=../screenshot/FAIL/11_Jan_2014__06_12_23PM.png>Screenshot</a>]]>
    </line>
    <line>
      <![CDATA[On Home page title is Official PUMA Online Store | Russia]]>
    </line>
    <line>
      <![CDATA[On subcategory page title is 'Men's Fleece Track Pants - EU']]>
    </line>
    <line>
      <![CDATA[Selected color on PDP is: 'black-white']]>
    </line>
    <line>
      <![CDATA[After click on 2nd color swatch label changed to 'medium gray heather']]>
    </line>
    <line>
      <![CDATA[ALERT: Size chart might be missing on PDP]]>
    </line>
    <line>
      <![CDATA[Page title on Cart page is PUMA Cart]]>
    </line>
    <line>
      <![CDATA[On checkout 'Sign In' page title is Sites-EU-Site]]>
    </line>
    <line>
      <![CDATA[Saved <a href=../screenshot/PASS/11_Jan_2014__06_13_25PM.png>Screenshot</a>]]>
    </line>
    <line>
      <![CDATA[Saved <a href=../screenshot/FAIL/11_Jan_2014__06_13_25PM.png>Screenshot</a>]]>
    </line>
    <line>
      <![CDATA[Saved <a href=../screenshot/FAIL/11_Jan_2014__06_13_26PM.png>Screenshot</a>]]>
    </line>
    <line>
      <![CDATA[Saved <a href=../screenshot/FAIL/11_Jan_2014__06_13_26PM.png>Screenshot</a>]]>
    </line>
    <line>
      <![CDATA[Saved <a href=../screenshot/FAIL/11_Jan_2014__06_13_26PM.png>Screenshot</a>]]>
    </line>
    <line>
      <![CDATA[Saved <a href=../screenshot/FAIL/11_Jan_2014__06_13_27PM.png>Screenshot</a>]]>
    </line>
    <line>
      <![CDATA[Skipped test to avoid test failure due to dependency]]>
    </line>
    <line>
      <![CDATA[Skipped test to avoid test failure due to dependency]]>
    </line>
    <line>
      <![CDATA[Skipped test to avoid test failure due to dependency]]>
    </line>
    <line>
      <![CDATA[Skipped test to avoid test failure due to dependency]]>
    </line>
    <line>
      <![CDATA[Skipped test to avoid test failure due to dependency]]>
    </line>
    <line>
      <![CDATA[Skipped test to avoid test failure due to dependency]]>
    </line>
    <line>
      <![CDATA[Skipped test to avoid test failure due to dependency]]>
    </line>
    <line>
      <![CDATA[Skipped test to avoid test failure due to dependency]]>
    </line>
    <line>
      <![CDATA[Skipped test to avoid test failure due to dependency]]>
    </line>
    <line>
      <![CDATA[Skipped test to avoid test failure due to dependency]]>
    </line>
    <line>
      <![CDATA[Skipped test to avoid test failure due to dependency]]>
    </line>
    <line>
      <![CDATA[Saved <a href=../screenshot/PASS/11_Jan_2014__06_13_27PM.png>Screenshot</a>]]>
    </line>
    <line>
      <![CDATA[Skipped test to avoid test failure due to dependency]]>
    </line>
    <line>
      <![CDATA[Skipped test to avoid test failure due to dependency]]>
    </line>
    <line>
      <![CDATA[Skipped test to avoid test failure due to dependency]]>
    </line>
    <line>
      <![CDATA[Skipped test to avoid test failure due to dependency]]>
    </line>
    <line>
      <![CDATA[Skipped test to avoid test failure due to dependency]]>
    </line>
    <line>
      <![CDATA[Skipped test to avoid test failure due to dependency]]>
    </line>
    <line>
      <![CDATA[Skipped test to avoid test failure due to dependency]]>
    </line>
    <line>
      <![CDATA[Skipped test to avoid test failure due to dependency]]>
    </line>
  </reporter-output>
  <suite name="Ant suite" duration-ms="1510997" started-at="2014-01-12T01:48:16Z" finished-at="2014-01-12T02:13:27Z">
    <groups>
      <group name="initCheckoutStep1Unit">
        <method signature="CheckoutStep1Unit.getFromHomeToStep1()[pri:0, instance:com.puma.test.CheckoutStep1Unit@11c03d7b]" name="getFromHomeToStep1" class="com.puma.test.CheckoutStep1Unit"/>
      </group> <!-- initCheckoutStep1Unit -->
      <group name="pdp">
        <method signature="PDPTest.pdpPageSelectColor()[pri:0, instance:com.puma.test.PDPTest@5599682f]" name="pdpPageSelectColor" class="com.puma.test.PDPTest"/>
        <method signature="PDPTest.pdpPageSelectQuantity()[pri:0, instance:com.puma.test.PDPTest@5599682f]" name="pdpPageSelectQuantity" class="com.puma.test.PDPTest"/>
        <method signature="PDPTest.pdpPageSelectSize()[pri:0, instance:com.puma.test.PDPTest@5599682f]" name="pdpPageSelectSize" class="com.puma.test.PDPTest"/>
        <method signature="PDPTest.pdpPageSizeChart()[pri:0, instance:com.puma.test.PDPTest@5599682f]" name="pdpPageSizeChart" class="com.puma.test.PDPTest"/>
        <method signature="PDPTest.pdpPageZoomIn()[pri:0, instance:com.puma.test.PDPTest@5599682f]" name="pdpPageZoomIn" class="com.puma.test.PDPTest"/>
      </group> <!-- pdp -->
      <group name="init">
        <method signature="PDPTest.homePageMainNav()[pri:0, instance:com.puma.test.PDPTest@5599682f]" name="homePageMainNav" class="com.puma.test.PDPTest"/>
      </group> <!-- init -->
      <group name="initSearch">
        <method signature="PumaUtilNavSearch.openPumaHomePage()[pri:0, instance:com.puma.test.PumaUtilNavSearch@5b0f7c0d]" name="openPumaHomePage" class="com.puma.test.PumaUtilNavSearch"/>
      </group> <!-- initSearch -->
      <group name="checkoutETE">
        <method signature="CheckoutEndToEnd.step1Fields(java.util.Hashtable)[pri:0, instance:com.puma.test.CheckoutEndToEnd@190621c9]" name="step1Fields" class="com.puma.test.CheckoutEndToEnd"/>
      </group> <!-- checkoutETE -->
      <group name="checkoutSignIn">
        <method signature="CheckoutSignIn.checkoutSignInRegistered(java.lang.String, java.lang.String, java.lang.String)[pri:0, instance:com.puma.test.CheckoutSignIn@11d13e]" name="checkoutSignInRegistered" class="com.puma.test.CheckoutSignIn"/>
        <method signature="CheckoutSignIn.checkoutSignInGuest()[pri:0, instance:com.puma.test.CheckoutSignIn@11d13e]" name="checkoutSignInGuest" class="com.puma.test.CheckoutSignIn"/>
      </group> <!-- checkoutSignIn -->
      <group name="initSignIn">
        <method signature="CheckoutSignIn.getToPDP()[pri:0, instance:com.puma.test.CheckoutSignIn@11d13e]" name="getToPDP" class="com.puma.test.CheckoutSignIn"/>
        <method signature="CheckoutSignInPage.getFromHomeToStep1()[pri:0, instance:com.puma.test.CheckoutSignInPage@615a8006]" name="getFromHomeToStep1" class="com.puma.test.CheckoutSignInPage"/>
      </group> <!-- initSignIn -->
      <group name="initCheckoutStep1">
        <method signature="CheckoutStep1.getFromHomeToStep1()[pri:0, instance:com.puma.test.CheckoutStep1@64045f57]" name="getFromHomeToStep1" class="com.puma.test.CheckoutStep1"/>
      </group> <!-- initCheckoutStep1 -->
      <group name="printToFile">
        <method signature="GatherInfo.step1CountryDropDownSaveToTx()[pri:0, instance:com.puma.util.GatherInfo@1a18b622]" name="step1CountryDropDownSaveToTx" class="com.puma.util.GatherInfo"/>
      </group> <!-- printToFile -->
      <group name="search">
        <method signature="PumaUtilNavSearch.searchForPants()[pri:0, instance:com.puma.test.PumaUtilNavSearch@5b0f7c0d]" name="searchForPants" class="com.puma.test.PumaUtilNavSearch"/>
        <method signature="PumaUtilNavSearch.searchForSku()[pri:0, instance:com.puma.test.PumaUtilNavSearch@5b0f7c0d]" name="searchForSku" class="com.puma.test.PumaUtilNavSearch"/>
      </group> <!-- search -->
      <group name="unitStep1">
        <method signature="CheckoutStep1Unit.step1CountryDropDown()[pri:0, instance:com.puma.test.CheckoutStep1Unit@11c03d7b]" name="step1CountryDropDown" class="com.puma.test.CheckoutStep1Unit"/>
        <method signature="CheckoutStep1Unit.step1FieldsAddress1(java.util.Hashtable)[pri:0, instance:com.puma.test.CheckoutStep1Unit@11c03d7b]" name="step1FieldsAddress1" class="com.puma.test.CheckoutStep1Unit"/>
        <method signature="CheckoutStep1Unit.step1FieldsCity(java.util.Hashtable)[pri:0, instance:com.puma.test.CheckoutStep1Unit@11c03d7b]" name="step1FieldsCity" class="com.puma.test.CheckoutStep1Unit"/>
        <method signature="CheckoutStep1Unit.step1FieldsEmail(java.util.Hashtable)[pri:0, instance:com.puma.test.CheckoutStep1Unit@11c03d7b]" name="step1FieldsEmail" class="com.puma.test.CheckoutStep1Unit"/>
        <method signature="CheckoutStep1Unit.step1FieldsLname(java.util.Hashtable)[pri:0, instance:com.puma.test.CheckoutStep1Unit@11c03d7b]" name="step1FieldsLname" class="com.puma.test.CheckoutStep1Unit"/>
        <method signature="CheckoutStep1Unit.step1FieldsName(java.util.Hashtable)[pri:0, instance:com.puma.test.CheckoutStep1Unit@11c03d7b]" name="step1FieldsName" class="com.puma.test.CheckoutStep1Unit"/>
        <method signature="CheckoutStep1Unit.step1FieldsZip(java.util.Hashtable)[pri:0, instance:com.puma.test.CheckoutStep1Unit@11c03d7b]" name="step1FieldsZip" class="com.puma.test.CheckoutStep1Unit"/>
        <method signature="CheckoutStep1Unit.step1NextStepBtnUI()[pri:0, instance:com.puma.test.CheckoutStep1Unit@11c03d7b]" name="step1NextStepBtnUI" class="com.puma.test.CheckoutStep1Unit"/>
        <method signature="CheckoutStep1Unit.step1SalutationBirthday()[pri:0, instance:com.puma.test.CheckoutStep1Unit@11c03d7b]" name="step1SalutationBirthday" class="com.puma.test.CheckoutStep1Unit"/>
      </group> <!-- unitStep1 -->
      <group name="getToStep1">
        <method signature="GatherInfo.getFromHomeToStep1()[pri:0, instance:com.puma.util.GatherInfo@1a18b622]" name="getFromHomeToStep1" class="com.puma.util.GatherInfo"/>
      </group> <!-- getToStep1 -->
      <group name="subcategory">
        <method signature="PDPTest.subcatPageFunct()[pri:0, instance:com.puma.test.PDPTest@5599682f]" name="subcatPageFunct" class="com.puma.test.PDPTest"/>
        <method signature="PDPTest.subcatPageUI()[pri:0, instance:com.puma.test.PDPTest@5599682f]" name="subcatPageUI" class="com.puma.test.PDPTest"/>
      </group> <!-- subcategory -->
      <group name="step1">
        <method signature="CheckoutStep1.step1Fields(java.util.Hashtable)[pri:0, instance:com.puma.test.CheckoutStep1@64045f57]" name="step1Fields" class="com.puma.test.CheckoutStep1"/>
      </group> <!-- step1 -->
      <group name="cartUI">
        <method signature="CartTest.fromMiniCartToCart()[pri:0, instance:com.puma.test.CartTest@7c8b3bd8]" name="fromMiniCartToCart" class="com.puma.test.CartTest"/>
      </group> <!-- cartUI -->
      <group name="initCart">
        <method signature="CartTest.getFromHomeToCart()[pri:0, instance:com.puma.test.CartTest@7c8b3bd8]" name="getFromHomeToCart" class="com.puma.test.CartTest"/>
      </group> <!-- initCart -->
    </groups>
    <test name="Ant test" duration-ms="1510997" started-at="2014-01-12T01:48:16Z" finished-at="2014-01-12T02:13:27Z">
      <class name="com.puma.test.CheckoutSignInPage">
        <test-method status="FAIL" signature="getFromHomeToStep1()[pri:0, instance:com.puma.test.CheckoutSignInPage@615a8006]" name="getFromHomeToStep1" duration-ms="0" started-at="2014-01-11T18:12:22Z" finished-at="2014-01-11T18:12:22Z">
          <exception class="java.lang.NullPointerException">
            <full-stacktrace>
              <![CDATA[java.lang.NullPointerException
	at com.puma.util.PumaCommonMethods.openPumaHomePage(PumaCommonMethods.java:314)
	at com.puma.util.PumaCommonMethods.homePageMainNav(PumaCommonMethods.java:382)
	at com.puma.test.CheckoutSignInPage.getFromHomeToStep1(CheckoutSignInPage.java:65)
	at sun.reflect.NativeMethodAccessorImpl.invoke0(Native Method)
	at sun.reflect.NativeMethodAccessorImpl.invoke(NativeMethodAccessorImpl.java:57)
	at sun.reflect.DelegatingMethodAccessorImpl.invoke(DelegatingMethodAccessorImpl.java:43)
	at java.lang.reflect.Method.invoke(Method.java:606)
	at org.testng.internal.MethodInvocationHelper.invokeMethod(MethodInvocationHelper.java:84)
	at org.testng.internal.Invoker.invokeMethod(Invoker.java:714)
	at org.testng.internal.Invoker.invokeTestMethod(Invoker.java:901)
	at org.testng.internal.Invoker.invokeTestMethods(Invoker.java:1231)
	at org.testng.internal.TestMethodWorker.invokeTestMethods(TestMethodWorker.java:127)
	at org.testng.internal.TestMethodWorker.run(TestMethodWorker.java:111)
	at org.testng.TestRunner.privateRun(TestRunner.java:767)
	at org.testng.TestRunner.run(TestRunner.java:617)
	at org.testng.SuiteRunner.runTest(SuiteRunner.java:334)
	at org.testng.SuiteRunner.runSequentially(SuiteRunner.java:329)
	at org.testng.SuiteRunner.privateRun(SuiteRunner.java:291)
	at org.testng.SuiteRunner.run(SuiteRunner.java:240)
	at org.testng.SuiteRunnerWorker.runSuite(SuiteRunnerWorker.java:52)
	at org.testng.SuiteRunnerWorker.run(SuiteRunnerWorker.java:86)
	at org.testng.TestNG.runSuitesSequentially(TestNG.java:1224)
	at org.testng.TestNG.runSuitesLocally(TestNG.java:1149)
	at org.testng.TestNG.run(TestNG.java:1057)
	at org.testng.TestNG.privateMain(TestNG.java:1364)
	at org.testng.TestNG.main(TestNG.java:1333)
]]>
            </full-stacktrace>
          </exception> <!-- java.lang.NullPointerException -->
          <reporter-output>
            <line>
              <![CDATA[Saved <a href=../screenshot/FAIL/11_Jan_2014__06_12_22PM.png>Screenshot</a>]]>
            </line>
          </reporter-output>
        </test-method> <!-- getFromHomeToStep1 -->
      </class> <!-- com.puma.test.CheckoutSignInPage -->
      <class name="com.puma.test.PDPTest">
        <test-method status="FAIL" signature="homePageMainNav()[pri:0, instance:com.puma.test.PDPTest@5599682f]" name="homePageMainNav" duration-ms="1" started-at="2014-01-11T18:13:25Z" finished-at="2014-01-11T18:13:25Z">
          <exception class="java.lang.NullPointerException">
            <full-stacktrace>
              <![CDATA[java.lang.NullPointerException
	at com.puma.util.PumaCommonMethods.openPumaHomePage(PumaCommonMethods.java:314)
	at com.puma.util.PumaCommonMethods.homePageMainNav(PumaCommonMethods.java:382)
	at com.puma.test.PDPTest.homePageMainNav(PDPTest.java:53)
	at sun.reflect.NativeMethodAccessorImpl.invoke0(Native Method)
	at sun.reflect.NativeMethodAccessorImpl.invoke(NativeMethodAccessorImpl.java:57)
	at sun.reflect.DelegatingMethodAccessorImpl.invoke(DelegatingMethodAccessorImpl.java:43)
	at java.lang.reflect.Method.invoke(Method.java:606)
	at org.testng.internal.MethodInvocationHelper.invokeMethod(MethodInvocationHelper.java:84)
	at org.testng.internal.Invoker.invokeMethod(Invoker.java:714)
	at org.testng.internal.Invoker.invokeTestMethod(Invoker.java:901)
	at org.testng.internal.Invoker.invokeTestMethods(Invoker.java:1231)
	at org.testng.internal.TestMethodWorker.invokeTestMethods(TestMethodWorker.java:127)
	at org.testng.internal.TestMethodWorker.run(TestMethodWorker.java:111)
	at org.testng.TestRunner.privateRun(TestRunner.java:767)
	at org.testng.TestRunner.run(TestRunner.java:617)
	at org.testng.SuiteRunner.runTest(SuiteRunner.java:334)
	at org.testng.SuiteRunner.runSequentially(SuiteRunner.java:329)
	at org.testng.SuiteRunner.privateRun(SuiteRunner.java:291)
	at org.testng.SuiteRunner.run(SuiteRunner.java:240)
	at org.testng.SuiteRunnerWorker.runSuite(SuiteRunnerWorker.java:52)
	at org.testng.SuiteRunnerWorker.run(SuiteRunnerWorker.java:86)
	at org.testng.TestNG.runSuitesSequentially(TestNG.java:1224)
	at org.testng.TestNG.runSuitesLocally(TestNG.java:1149)
	at org.testng.TestNG.run(TestNG.java:1057)
	at org.testng.TestNG.privateMain(TestNG.java:1364)
	at org.testng.TestNG.main(TestNG.java:1333)
]]>
            </full-stacktrace>
          </exception> <!-- java.lang.NullPointerException -->
          <reporter-output>
            <line>
              <![CDATA[Saved <a href=../screenshot/FAIL/11_Jan_2014__06_13_25PM.png>Screenshot</a>]]>
            </line>
          </reporter-output>
        </test-method> <!-- homePageMainNav -->
        <test-method status="SKIP" signature="subcatPageFunct()[pri:0, instance:com.puma.test.PDPTest@5599682f]" name="subcatPageFunct" duration-ms="1" depends-on-groups="init" started-at="2014-01-11T18:13:27Z" finished-at="2014-01-11T18:13:27Z">
          <reporter-output>
          </reporter-output>
        </test-method> <!-- subcatPageFunct -->
        <test-method status="SKIP" signature="pdpPageSelectColor()[pri:0, instance:com.puma.test.PDPTest@5599682f]" name="pdpPageSelectColor" duration-ms="0" depends-on-groups="subcategory" started-at="2014-01-11T18:13:27Z" finished-at="2014-01-11T18:13:27Z">
          <reporter-output>
          </reporter-output>
        </test-method> <!-- pdpPageSelectColor -->
        <test-method status="SKIP" signature="subcatPageUI()[pri:0, instance:com.puma.test.PDPTest@5599682f]" name="subcatPageUI" duration-ms="0" depends-on-groups="init" started-at="2014-01-11T18:13:27Z" finished-at="2014-01-11T18:13:27Z">
          <reporter-output>
          </reporter-output>
        </test-method> <!-- subcatPageUI -->
        <test-method status="SKIP" signature="pdpPageSelectQuantity()[pri:0, instance:com.puma.test.PDPTest@5599682f]" name="pdpPageSelectQuantity" duration-ms="1" depends-on-groups="subcategory" started-at="2014-01-11T18:13:27Z" finished-at="2014-01-11T18:13:27Z">
          <reporter-output>
          </reporter-output>
        </test-method> <!-- pdpPageSelectQuantity -->
        <test-method status="SKIP" signature="pdpPageSelectSize()[pri:0, instance:com.puma.test.PDPTest@5599682f]" name="pdpPageSelectSize" duration-ms="0" depends-on-groups="subcategory" started-at="2014-01-11T18:13:27Z" finished-at="2014-01-11T18:13:27Z">
          <reporter-output>
          </reporter-output>
        </test-method> <!-- pdpPageSelectSize -->
        <test-method status="SKIP" signature="pdpPageSizeChart()[pri:0, instance:com.puma.test.PDPTest@5599682f]" name="pdpPageSizeChart" duration-ms="0" depends-on-groups="subcategory" started-at="2014-01-11T18:13:27Z" finished-at="2014-01-11T18:13:27Z">
          <reporter-output>
          </reporter-output>
        </test-method> <!-- pdpPageSizeChart -->
        <test-method status="SKIP" signature="pdpPageZoomIn()[pri:0, instance:com.puma.test.PDPTest@5599682f]" name="pdpPageZoomIn" duration-ms="0" depends-on-groups="subcategory" started-at="2014-01-11T18:13:27Z" finished-at="2014-01-11T18:13:27Z">
          <reporter-output>
          </reporter-output>
        </test-method> <!-- pdpPageZoomIn -->
      </class> <!-- com.puma.test.PDPTest -->
      <class name="com.puma.util.GatherInfo">
        <test-method status="PASS" signature="oneTimeSetUp()[pri:0, instance:com.puma.util.GatherInfo@1a18b622]" name="oneTimeSetUp" is-config="true" duration-ms="10324" started-at="2014-01-11T17:48:06Z" finished-at="2014-01-11T17:48:16Z">
          <reporter-output>
          </reporter-output>
        </test-method> <!-- oneTimeSetUp -->
        <test-method status="PASS" signature="getFromHomeToStep1()[pri:0, instance:com.puma.util.GatherInfo@1a18b622]" name="getFromHomeToStep1" duration-ms="62064" started-at="2014-01-11T18:12:23Z" finished-at="2014-01-11T18:13:25Z">
          <reporter-output>
            <line>
              <![CDATA[On Home page title is Official PUMA Online Store | Russia]]>
            </line>
            <line>
              <![CDATA[On subcategory page title is 'Men's Fleece Track Pants - EU']]>
            </line>
            <line>
              <![CDATA[Selected color on PDP is: 'black-white']]>
            </line>
            <line>
              <![CDATA[After click on 2nd color swatch label changed to 'medium gray heather']]>
            </line>
            <line>
              <![CDATA[ALERT: Size chart might be missing on PDP]]>
            </line>
            <line>
              <![CDATA[Page title on Cart page is PUMA Cart]]>
            </line>
            <line>
              <![CDATA[On checkout 'Sign In' page title is Sites-EU-Site]]>
            </line>
            <line>
              <![CDATA[Saved <a href=../screenshot/PASS/11_Jan_2014__06_13_25PM.png>Screenshot</a>]]>
            </line>
          </reporter-output>
        </test-method> <!-- getFromHomeToStep1 -->
        <test-method status="PASS" signature="step1CountryDropDownSaveToTx()[pri:0, instance:com.puma.util.GatherInfo@1a18b622]" name="step1CountryDropDownSaveToTx" duration-ms="163" depends-on-groups="getToStep1" started-at="2014-01-11T18:13:27Z" finished-at="2014-01-11T18:13:27Z">
          <reporter-output>
            <line>
              <![CDATA[Saved <a href=../screenshot/PASS/11_Jan_2014__06_13_27PM.png>Screenshot</a>]]>
            </line>
          </reporter-output>
        </test-method> <!-- step1CountryDropDownSaveToTx -->
        <test-method status="PASS" signature="oneTimeTearDown()[pri:0, instance:com.puma.util.GatherInfo@1a18b622]" name="oneTimeTearDown" is-config="true" duration-ms="87" started-at="2014-01-11T18:13:27Z" finished-at="2014-01-11T18:13:27Z">
          <reporter-output>
          </reporter-output>
        </test-method> <!-- oneTimeTearDown -->
      </class> <!-- com.puma.util.GatherInfo -->
      <class name="com.puma.test.CartTest">
        <test-method status="FAIL" signature="getFromHomeToCart()[pri:0, instance:com.puma.test.CartTest@7c8b3bd8]" name="getFromHomeToCart" duration-ms="1" started-at="2014-01-11T18:13:25Z" finished-at="2014-01-11T18:13:25Z">
          <exception class="java.lang.NullPointerException">
            <full-stacktrace>
              <![CDATA[java.lang.NullPointerException
	at com.puma.util.PumaCommonMethods.openPumaHomePage(PumaCommonMethods.java:314)
	at com.puma.util.PumaCommonMethods.homePageMainNav(PumaCommonMethods.java:382)
	at com.puma.test.CartTest.getFromHomeToCart(CartTest.java:50)
	at sun.reflect.NativeMethodAccessorImpl.invoke0(Native Method)
	at sun.reflect.NativeMethodAccessorImpl.invoke(NativeMethodAccessorImpl.java:57)
	at sun.reflect.DelegatingMethodAccessorImpl.invoke(DelegatingMethodAccessorImpl.java:43)
	at java.lang.reflect.Method.invoke(Method.java:606)
	at org.testng.internal.MethodInvocationHelper.invokeMethod(MethodInvocationHelper.java:84)
	at org.testng.internal.Invoker.invokeMethod(Invoker.java:714)
	at org.testng.internal.Invoker.invokeTestMethod(Invoker.java:901)
	at org.testng.internal.Invoker.invokeTestMethods(Invoker.java:1231)
	at org.testng.internal.TestMethodWorker.invokeTestMethods(TestMethodWorker.java:127)
	at org.testng.internal.TestMethodWorker.run(TestMethodWorker.java:111)
	at org.testng.TestRunner.privateRun(TestRunner.java:767)
	at org.testng.TestRunner.run(TestRunner.java:617)
	at org.testng.SuiteRunner.runTest(SuiteRunner.java:334)
	at org.testng.SuiteRunner.runSequentially(SuiteRunner.java:329)
	at org.testng.SuiteRunner.privateRun(SuiteRunner.java:291)
	at org.testng.SuiteRunner.run(SuiteRunner.java:240)
	at org.testng.SuiteRunnerWorker.runSuite(SuiteRunnerWorker.java:52)
	at org.testng.SuiteRunnerWorker.run(SuiteRunnerWorker.java:86)
	at org.testng.TestNG.runSuitesSequentially(TestNG.java:1224)
	at org.testng.TestNG.runSuitesLocally(TestNG.java:1149)
	at org.testng.TestNG.run(TestNG.java:1057)
	at org.testng.TestNG.privateMain(TestNG.java:1364)
	at org.testng.TestNG.main(TestNG.java:1333)
]]>
            </full-stacktrace>
          </exception> <!-- java.lang.NullPointerException -->
          <reporter-output>
            <line>
              <![CDATA[Saved <a href=../screenshot/FAIL/11_Jan_2014__06_13_26PM.png>Screenshot</a>]]>
            </line>
          </reporter-output>
        </test-method> <!-- getFromHomeToCart -->
        <test-method status="SKIP" signature="fromMiniCartToCart()[pri:0, instance:com.puma.test.CartTest@7c8b3bd8]" name="fromMiniCartToCart" duration-ms="0" depends-on-groups="initCart" started-at="2014-01-11T18:13:27Z" finished-at="2014-01-11T18:13:27Z">
          <reporter-output>
          </reporter-output>
        </test-method> <!-- fromMiniCartToCart -->
      </class> <!-- com.puma.test.CartTest -->
      <class name="com.puma.test.CheckoutStep1">
        <test-method status="FAIL" signature="getFromHomeToStep1()[pri:0, instance:com.puma.test.CheckoutStep1@64045f57]" name="getFromHomeToStep1" duration-ms="0" started-at="2014-01-11T18:12:22Z" finished-at="2014-01-11T18:12:22Z">
          <exception class="java.lang.NullPointerException">
            <full-stacktrace>
              <![CDATA[java.lang.NullPointerException
	at com.puma.util.PumaCommonMethods.openPumaHomePage(PumaCommonMethods.java:314)
	at com.puma.util.PumaCommonMethods.homePageMainNav(PumaCommonMethods.java:382)
	at com.puma.test.CheckoutStep1.getFromHomeToStep1(CheckoutStep1.java:81)
	at sun.reflect.NativeMethodAccessorImpl.invoke0(Native Method)
	at sun.reflect.NativeMethodAccessorImpl.invoke(NativeMethodAccessorImpl.java:57)
	at sun.reflect.DelegatingMethodAccessorImpl.invoke(DelegatingMethodAccessorImpl.java:43)
	at java.lang.reflect.Method.invoke(Method.java:606)
	at org.testng.internal.MethodInvocationHelper.invokeMethod(MethodInvocationHelper.java:84)
	at org.testng.internal.Invoker.invokeMethod(Invoker.java:714)
	at org.testng.internal.Invoker.invokeTestMethod(Invoker.java:901)
	at org.testng.internal.Invoker.invokeTestMethods(Invoker.java:1231)
	at org.testng.internal.TestMethodWorker.invokeTestMethods(TestMethodWorker.java:127)
	at org.testng.internal.TestMethodWorker.run(TestMethodWorker.java:111)
	at org.testng.TestRunner.privateRun(TestRunner.java:767)
	at org.testng.TestRunner.run(TestRunner.java:617)
	at org.testng.SuiteRunner.runTest(SuiteRunner.java:334)
	at org.testng.SuiteRunner.runSequentially(SuiteRunner.java:329)
	at org.testng.SuiteRunner.privateRun(SuiteRunner.java:291)
	at org.testng.SuiteRunner.run(SuiteRunner.java:240)
	at org.testng.SuiteRunnerWorker.runSuite(SuiteRunnerWorker.java:52)
	at org.testng.SuiteRunnerWorker.run(SuiteRunnerWorker.java:86)
	at org.testng.TestNG.runSuitesSequentially(TestNG.java:1224)
	at org.testng.TestNG.runSuitesLocally(TestNG.java:1149)
	at org.testng.TestNG.run(TestNG.java:1057)
	at org.testng.TestNG.privateMain(TestNG.java:1364)
	at org.testng.TestNG.main(TestNG.java:1333)
]]>
            </full-stacktrace>
          </exception> <!-- java.lang.NullPointerException -->
          <reporter-output>
            <line>
              <![CDATA[Saved <a href=../screenshot/FAIL/11_Jan_2014__06_12_22PM.png>Screenshot</a>]]>
            </line>
          </reporter-output>
        </test-method> <!-- getFromHomeToStep1 -->
        <test-method status="SKIP" signature="step1Fields(java.util.Hashtable)[pri:0, instance:com.puma.test.CheckoutStep1@64045f57]" name="step1Fields" duration-ms="0" depends-on-groups="initCheckoutStep1" started-at="2014-01-11T18:13:27Z" data-provider="dataCountry" finished-at="2014-01-11T18:13:27Z">
          <reporter-output>
          </reporter-output>
        </test-method> <!-- step1Fields -->
      </class> <!-- com.puma.test.CheckoutStep1 -->
      <class name="com.puma.test.PumaUtilNavSearch">
        <test-method status="FAIL" signature="openPumaHomePage()[pri:0, instance:com.puma.test.PumaUtilNavSearch@5b0f7c0d]" name="openPumaHomePage" duration-ms="1" started-at="2014-01-11T18:13:26Z" finished-at="2014-01-11T18:13:26Z">
          <exception class="java.lang.NullPointerException">
            <full-stacktrace>
              <![CDATA[java.lang.NullPointerException
	at com.puma.util.PumaCommonMethods.openPumaHomePage(PumaCommonMethods.java:314)
	at com.puma.test.PumaUtilNavSearch.openPumaHomePage(PumaUtilNavSearch.java:52)
	at sun.reflect.NativeMethodAccessorImpl.invoke0(Native Method)
	at sun.reflect.NativeMethodAccessorImpl.invoke(NativeMethodAccessorImpl.java:57)
	at sun.reflect.DelegatingMethodAccessorImpl.invoke(DelegatingMethodAccessorImpl.java:43)
	at java.lang.reflect.Method.invoke(Method.java:606)
	at org.testng.internal.MethodInvocationHelper.invokeMethod(MethodInvocationHelper.java:84)
	at org.testng.internal.Invoker.invokeMethod(Invoker.java:714)
	at org.testng.internal.Invoker.invokeTestMethod(Invoker.java:901)
	at org.testng.internal.Invoker.invokeTestMethods(Invoker.java:1231)
	at org.testng.internal.TestMethodWorker.invokeTestMethods(TestMethodWorker.java:127)
	at org.testng.internal.TestMethodWorker.run(TestMethodWorker.java:111)
	at org.testng.TestRunner.privateRun(TestRunner.java:767)
	at org.testng.TestRunner.run(TestRunner.java:617)
	at org.testng.SuiteRunner.runTest(SuiteRunner.java:334)
	at org.testng.SuiteRunner.runSequentially(SuiteRunner.java:329)
	at org.testng.SuiteRunner.privateRun(SuiteRunner.java:291)
	at org.testng.SuiteRunner.run(SuiteRunner.java:240)
	at org.testng.SuiteRunnerWorker.runSuite(SuiteRunnerWorker.java:52)
	at org.testng.SuiteRunnerWorker.run(SuiteRunnerWorker.java:86)
	at org.testng.TestNG.runSuitesSequentially(TestNG.java:1224)
	at org.testng.TestNG.runSuitesLocally(TestNG.java:1149)
	at org.testng.TestNG.run(TestNG.java:1057)
	at org.testng.TestNG.privateMain(TestNG.java:1364)
	at org.testng.TestNG.main(TestNG.java:1333)
]]>
            </full-stacktrace>
          </exception> <!-- java.lang.NullPointerException -->
          <reporter-output>
            <line>
              <![CDATA[Saved <a href=../screenshot/FAIL/11_Jan_2014__06_13_26PM.png>Screenshot</a>]]>
            </line>
          </reporter-output>
        </test-method> <!-- openPumaHomePage -->
        <test-method status="FAIL" signature="searchForSku()[pri:0, instance:com.puma.test.PumaUtilNavSearch@5b0f7c0d]" name="searchForSku" duration-ms="0" started-at="2014-01-11T18:13:26Z" finished-at="2014-01-11T18:13:26Z">
          <exception class="java.lang.NullPointerException">
            <full-stacktrace>
              <![CDATA[java.lang.NullPointerException
	at com.puma.util.PumaCommonMethods.searchForSku(PumaCommonMethods.java:330)
	at com.puma.test.PumaUtilNavSearch.searchForSku(PumaUtilNavSearch.java:59)
	at sun.reflect.NativeMethodAccessorImpl.invoke0(Native Method)
	at sun.reflect.NativeMethodAccessorImpl.invoke(NativeMethodAccessorImpl.java:57)
	at sun.reflect.DelegatingMethodAccessorImpl.invoke(DelegatingMethodAccessorImpl.java:43)
	at java.lang.reflect.Method.invoke(Method.java:606)
	at org.testng.internal.MethodInvocationHelper.invokeMethod(MethodInvocationHelper.java:84)
	at org.testng.internal.Invoker.invokeMethod(Invoker.java:714)
	at org.testng.internal.Invoker.invokeTestMethod(Invoker.java:901)
	at org.testng.internal.Invoker.invokeTestMethods(Invoker.java:1231)
	at org.testng.internal.TestMethodWorker.invokeTestMethods(TestMethodWorker.java:127)
	at org.testng.internal.TestMethodWorker.run(TestMethodWorker.java:111)
	at org.testng.TestRunner.privateRun(TestRunner.java:767)
	at org.testng.TestRunner.run(TestRunner.java:617)
	at org.testng.SuiteRunner.runTest(SuiteRunner.java:334)
	at org.testng.SuiteRunner.runSequentially(SuiteRunner.java:329)
	at org.testng.SuiteRunner.privateRun(SuiteRunner.java:291)
	at org.testng.SuiteRunner.run(SuiteRunner.java:240)
	at org.testng.SuiteRunnerWorker.runSuite(SuiteRunnerWorker.java:52)
	at org.testng.SuiteRunnerWorker.run(SuiteRunnerWorker.java:86)
	at org.testng.TestNG.runSuitesSequentially(TestNG.java:1224)
	at org.testng.TestNG.runSuitesLocally(TestNG.java:1149)
	at org.testng.TestNG.run(TestNG.java:1057)
	at org.testng.TestNG.privateMain(TestNG.java:1364)
	at org.testng.TestNG.main(TestNG.java:1333)
]]>
            </full-stacktrace>
          </exception> <!-- java.lang.NullPointerException -->
          <reporter-output>
            <line>
              <![CDATA[Saved <a href=../screenshot/FAIL/11_Jan_2014__06_13_26PM.png>Screenshot</a>]]>
            </line>
          </reporter-output>
        </test-method> <!-- searchForSku -->
        <test-method status="FAIL" signature="searchForPants()[pri:0, instance:com.puma.test.PumaUtilNavSearch@5b0f7c0d]" name="searchForPants" duration-ms="0" started-at="2014-01-11T18:13:26Z" finished-at="2014-01-11T18:13:26Z">
          <exception class="java.lang.NullPointerException">
            <full-stacktrace>
              <![CDATA[java.lang.NullPointerException
	at com.puma.util.PumaCommonMethods.searchForPants(PumaCommonMethods.java:362)
	at com.puma.test.PumaUtilNavSearch.searchForPants(PumaUtilNavSearch.java:73)
	at sun.reflect.NativeMethodAccessorImpl.invoke0(Native Method)
	at sun.reflect.NativeMethodAccessorImpl.invoke(NativeMethodAccessorImpl.java:57)
	at sun.reflect.DelegatingMethodAccessorImpl.invoke(DelegatingMethodAccessorImpl.java:43)
	at java.lang.reflect.Method.invoke(Method.java:606)
	at org.testng.internal.MethodInvocationHelper.invokeMethod(MethodInvocationHelper.java:84)
	at org.testng.internal.Invoker.invokeMethod(Invoker.java:714)
	at org.testng.internal.Invoker.invokeTestMethod(Invoker.java:901)
	at org.testng.internal.Invoker.invokeTestMethods(Invoker.java:1231)
	at org.testng.internal.TestMethodWorker.invokeTestMethods(TestMethodWorker.java:127)
	at org.testng.internal.TestMethodWorker.run(TestMethodWorker.java:111)
	at org.testng.TestRunner.privateRun(TestRunner.java:767)
	at org.testng.TestRunner.run(TestRunner.java:617)
	at org.testng.SuiteRunner.runTest(SuiteRunner.java:334)
	at org.testng.SuiteRunner.runSequentially(SuiteRunner.java:329)
	at org.testng.SuiteRunner.privateRun(SuiteRunner.java:291)
	at org.testng.SuiteRunner.run(SuiteRunner.java:240)
	at org.testng.SuiteRunnerWorker.runSuite(SuiteRunnerWorker.java:52)
	at org.testng.SuiteRunnerWorker.run(SuiteRunnerWorker.java:86)
	at org.testng.TestNG.runSuitesSequentially(TestNG.java:1224)
	at org.testng.TestNG.runSuitesLocally(TestNG.java:1149)
	at org.testng.TestNG.run(TestNG.java:1057)
	at org.testng.TestNG.privateMain(TestNG.java:1364)
	at org.testng.TestNG.main(TestNG.java:1333)
]]>
            </full-stacktrace>
          </exception> <!-- java.lang.NullPointerException -->
          <reporter-output>
            <line>
              <![CDATA[Saved <a href=../screenshot/FAIL/11_Jan_2014__06_13_27PM.png>Screenshot</a>]]>
            </line>
          </reporter-output>
        </test-method> <!-- searchForPants -->
      </class> <!-- com.puma.test.PumaUtilNavSearch -->
      <class name="com.puma.test.CheckoutEndToEnd">
        <test-method status="PASS" signature="getToStep1()[pri:0, instance:com.puma.test.CheckoutEndToEnd@190621c9]" name="getToStep1" is-config="true" duration-ms="64323" started-at="2014-01-11T17:48:17Z" finished-at="2014-01-11T17:49:21Z">
          <reporter-output>
            <line>
              <![CDATA[On Home page title is Official PUMA Online Store | Russia]]>
            </line>
            <line>
              <![CDATA[On subcategory page title is 'Men's Fleece Track Pants - EU']]>
            </line>
            <line>
              <![CDATA[Selected color on PDP is: 'black-white']]>
            </line>
            <line>
              <![CDATA[After click on 2nd color swatch label changed to 'medium gray heather']]>
            </line>
            <line>
              <![CDATA[Page title on Cart page is PUMA Cart]]>
            </line>
            <line>
              <![CDATA[On checkout 'Sign In' page title is Sites-EU-Site]]>
            </line>
          </reporter-output>
        </test-method> <!-- getToStep1 -->
        <test-method status="FAIL" signature="step1Fields(java.util.Hashtable)[pri:0, instance:com.puma.test.CheckoutEndToEnd@190621c9]" name="step1Fields" duration-ms="46254" started-at="2014-01-11T17:49:21Z" data-provider="dataCountry" finished-at="2014-01-11T17:50:08Z">
          <params>
            <param index="0">
              <value>
                <![CDATA[{STREET_NUM=31, CITY=Brussel, PHONE=9.255482255E9, EMAIL=test@yahoo.com, LNAME=lnameBrussel, COUNTRY=Belgique, ZIP=1000, ADDRESS2=, ADDRESS1=De Brouckereplein, FNAME=fnameBrussel}]]>
              </value>
            </param>
          </params>
          <exception class="org.openqa.selenium.NoSuchElementException">
            <message>
              <![CDATA[Unable to locate element: {"method":"id","selector":"cardholder"}
Command duration or timeout: 10.07 seconds
For documentation on this error, please visit: http://seleniumhq.org/exceptions/no_such_element.html
Build info: version: '2.38.0', revision: 'bd32d4e', time: '2013-12-05 16:16:40'
System info: host: 'localhost', ip: '127.0.0.1', os.name: 'Mac OS X', os.arch: 'x86_64', os.version: '10.7.5', java.version: '1.7.0_25'
Session ID: bb58620f-557f-2d4d-b22e-49ab0fb0dfa9
Driver info: org.openqa.selenium.firefox.FirefoxDriver
Capabilities [{platform=MAC, acceptSslCerts=true, javascriptEnabled=true, cssSelectorsEnabled=true, databaseEnabled=true, browserName=firefox, handlesAlerts=true, browserConnectionEnabled=true, webStorageEnabled=true, nativeEvents=false, rotatable=false, locationContextEnabled=true, applicationCacheEnabled=false, takesScreenshot=true, version=26.0}]]]>
            </message>
            <full-stacktrace>
              <![CDATA[org.openqa.selenium.NoSuchElementException: Unable to locate element: {"method":"id","selector":"cardholder"}
Command duration or timeout: 10.07 seconds
For documentation on this error, please visit: http://seleniumhq.org/exceptions/no_such_element.html
Build info: version: '2.38.0', revision: 'bd32d4e', time: '2013-12-05 16:16:40'
System info: host: 'localhost', ip: '127.0.0.1', os.name: 'Mac OS X', os.arch: 'x86_64', os.version: '10.7.5', java.version: '1.7.0_25'
Session ID: bb58620f-557f-2d4d-b22e-49ab0fb0dfa9
Driver info: org.openqa.selenium.firefox.FirefoxDriver
Capabilities [{platform=MAC, acceptSslCerts=true, javascriptEnabled=true, cssSelectorsEnabled=true, databaseEnabled=true, browserName=firefox, handlesAlerts=true, browserConnectionEnabled=true, webStorageEnabled=true, nativeEvents=false, rotatable=false, locationContextEnabled=true, applicationCacheEnabled=false, takesScreenshot=true, version=26.0}]
	at sun.reflect.NativeConstructorAccessorImpl.newInstance0(Native Method)
	at sun.reflect.NativeConstructorAccessorImpl.newInstance(NativeConstructorAccessorImpl.java:57)
	at sun.reflect.DelegatingConstructorAccessorImpl.newInstance(DelegatingConstructorAccessorImpl.java:45)
	at java.lang.reflect.Constructor.newInstance(Constructor.java:526)
	at org.openqa.selenium.remote.ErrorHandler.createThrowable(ErrorHandler.java:193)
	at org.openqa.selenium.remote.ErrorHandler.throwIfResponseFailed(ErrorHandler.java:145)
	at org.openqa.selenium.remote.RemoteWebDriver.execute(RemoteWebDriver.java:554)
	at org.openqa.selenium.remote.RemoteWebDriver.findElement(RemoteWebDriver.java:307)
	at org.openqa.selenium.remote.RemoteWebDriver.findElementById(RemoteWebDriver.java:348)
	at org.openqa.selenium.By$ById.findElement(By.java:220)
	at org.openqa.selenium.remote.RemoteWebDriver.findElement(RemoteWebDriver.java:299)
	at com.puma.util.PumaCommonMethods.submitWirecard(PumaCommonMethods.java:1000)
	at com.puma.test.CheckoutEndToEnd.step1Fields(CheckoutEndToEnd.java:224)
	at sun.reflect.NativeMethodAccessorImpl.invoke0(Native Method)
	at sun.reflect.NativeMethodAccessorImpl.invoke(NativeMethodAccessorImpl.java:57)
	at sun.reflect.DelegatingMethodAccessorImpl.invoke(DelegatingMethodAccessorImpl.java:43)
	at java.lang.reflect.Method.invoke(Method.java:606)
	at org.testng.internal.MethodInvocationHelper.invokeMethod(MethodInvocationHelper.java:84)
	at org.testng.internal.Invoker.invokeMethod(Invoker.java:714)
	at org.testng.internal.Invoker.invokeTestMethod(Invoker.java:901)
	at org.testng.internal.Invoker.invokeTestMethods(Invoker.java:1231)
	at org.testng.internal.TestMethodWorker.invokeTestMethods(TestMethodWorker.java:127)
	at org.testng.internal.TestMethodWorker.run(TestMethodWorker.java:111)
	at org.testng.TestRunner.privateRun(TestRunner.java:767)
	at org.testng.TestRunner.run(TestRunner.java:617)
	at org.testng.SuiteRunner.runTest(SuiteRunner.java:334)
	at org.testng.SuiteRunner.runSequentially(SuiteRunner.java:329)
	at org.testng.SuiteRunner.privateRun(SuiteRunner.java:291)
	at org.testng.SuiteRunner.run(SuiteRunner.java:240)
	at org.testng.SuiteRunnerWorker.runSuite(SuiteRunnerWorker.java:52)
	at org.testng.SuiteRunnerWorker.run(SuiteRunnerWorker.java:86)
	at org.testng.TestNG.runSuitesSequentially(TestNG.java:1224)
	at org.testng.TestNG.runSuitesLocally(TestNG.java:1149)
	at org.testng.TestNG.run(TestNG.java:1057)
	at org.testng.TestNG.privateMain(TestNG.java:1364)
	at org.testng.TestNG.main(TestNG.java:1333)
Caused by: org.openqa.selenium.remote.ErrorHandler$UnknownServerException: Unable to locate element: {"method":"id","selector":"cardholder"}
Build info: version: '2.38.0', revision: 'bd32d4e', time: '2013-12-05 16:16:40'
System info: host: 'localhost', ip: '127.0.0.1', os.name: 'Mac OS X', os.arch: 'x86_64', os.version: '10.7.5', java.version: '1.7.0_25'
Driver info: driver.version: unknown
	at <anonymous class>.FirefoxDriver.prototype.findElementInternal_(file:///var/folders/_2/pb85wgk175l660128q0hftvh0000gp/T/anonymous6190067003374117006webdriver-profile/extensions/fxdriver@googlecode.com/components/driver_component.js:8860)
	at <anonymous class>.fxdriver.Timer.prototype.setTimeout/<.notify(file:///var/folders/_2/pb85wgk175l660128q0hftvh0000gp/T/anonymous6190067003374117006webdriver-profile/extensions/fxdriver@googlecode.com/components/driver_component.js:396)
]]>
            </full-stacktrace>
          </exception> <!-- org.openqa.selenium.NoSuchElementException -->
          <reporter-output>
            <line>
              <![CDATA[On page Step2 label for radio buttons is SELECT A PAYMENT OPTION ? REQUIRED]]>
            </line>
            <line>
              <![CDATA[Total on Step2 is ? 3.580,00]]>
            </line>
            <line>
              <![CDATA[Subtotal on Step2 is? 3.580,00]]>
            </line>
            <line>
              <![CDATA[Page title is SiteGenesis Checkout]]>
            </line>
            <line>
              <![CDATA[Page title is Sites-EU-Site]]>
            </line>
            <line>
              <![CDATA[Saved <a href=../screenshot/FAIL/11_Jan_2014__05_50_08PM.png>Screenshot</a>]]>
            </line>
          </reporter-output>
        </test-method> <!-- step1Fields -->
        <test-method status="PASS" signature="oneTimeTearDown()[pri:0, instance:com.puma.test.CheckoutEndToEnd@190621c9]" name="oneTimeTearDown" is-config="true" duration-ms="93" started-at="2014-01-11T17:50:08Z" finished-at="2014-01-11T17:50:08Z">
          <reporter-output>
          </reporter-output>
        </test-method> <!-- oneTimeTearDown -->
        <test-method status="PASS" signature="getToStep1()[pri:0, instance:com.puma.test.CheckoutEndToEnd@190621c9]" name="getToStep1" is-config="true" duration-ms="59228" started-at="2014-01-11T17:50:08Z" finished-at="2014-01-11T17:51:07Z">
          <reporter-output>
            <line>
              <![CDATA[On Home page title is Official PUMA Online Store | Russia]]>
            </line>
            <line>
              <![CDATA[On subcategory page title is 'Men's Fleece Track Pants - EU']]>
            </line>
            <line>
              <![CDATA[Selected color on PDP is: 'black-white']]>
            </line>
            <line>
              <![CDATA[After click on 2nd color swatch label changed to 'medium gray heather']]>
            </line>
            <line>
              <![CDATA[Page title on Cart page is PUMA Cart]]>
            </line>
            <line>
              <![CDATA[On checkout 'Sign In' page title is Sites-EU-Site]]>
            </line>
          </reporter-output>
        </test-method> <!-- getToStep1 -->
        <test-method status="FAIL" signature="step1Fields(java.util.Hashtable)[pri:0, instance:com.puma.test.CheckoutEndToEnd@190621c9]" name="step1Fields" duration-ms="21768" started-at="2014-01-11T17:51:07Z" data-provider="dataCountry" finished-at="2014-01-11T17:51:29Z">
          <params>
            <param index="0">
              <value>
                <![CDATA[{STREET_NUM=1, CITY=PRAGUE, PHONE=420-2-2484-1111, EMAIL=test@yahoo.com, LNAME=lnamePrague, COUNTRY=Czech Republic, ZIP=186 00, ADDRESS2=, ADDRESS1=POBREZNI, FNAME=fnamePrague}]]>
              </value>
            </param>
          </params>
          <exception class="org.openqa.selenium.NoSuchElementException">
            <message>
              <![CDATA[Unable to locate element: {"method":"id","selector":"is-WIRECARD_CREDIT_CARD"}
Command duration or timeout: 10.06 seconds
For documentation on this error, please visit: http://seleniumhq.org/exceptions/no_such_element.html
Build info: version: '2.38.0', revision: 'bd32d4e', time: '2013-12-05 16:16:40'
System info: host: 'localhost', ip: '127.0.0.1', os.name: 'Mac OS X', os.arch: 'x86_64', os.version: '10.7.5', java.version: '1.7.0_25'
Session ID: 23aa744e-d541-6d48-a44e-70f21ae898b5
Driver info: org.openqa.selenium.firefox.FirefoxDriver
Capabilities [{platform=MAC, acceptSslCerts=true, javascriptEnabled=true, cssSelectorsEnabled=true, databaseEnabled=true, browserName=firefox, handlesAlerts=true, browserConnectionEnabled=true, webStorageEnabled=true, nativeEvents=false, rotatable=false, locationContextEnabled=true, applicationCacheEnabled=false, takesScreenshot=true, version=26.0}]]]>
            </message>
            <full-stacktrace>
              <![CDATA[org.openqa.selenium.NoSuchElementException: Unable to locate element: {"method":"id","selector":"is-WIRECARD_CREDIT_CARD"}
Command duration or timeout: 10.06 seconds
For documentation on this error, please visit: http://seleniumhq.org/exceptions/no_such_element.html
Build info: version: '2.38.0', revision: 'bd32d4e', time: '2013-12-05 16:16:40'
System info: host: 'localhost', ip: '127.0.0.1', os.name: 'Mac OS X', os.arch: 'x86_64', os.version: '10.7.5', java.version: '1.7.0_25'
Session ID: 23aa744e-d541-6d48-a44e-70f21ae898b5
Driver info: org.openqa.selenium.firefox.FirefoxDriver
Capabilities [{platform=MAC, acceptSslCerts=true, javascriptEnabled=true, cssSelectorsEnabled=true, databaseEnabled=true, browserName=firefox, handlesAlerts=true, browserConnectionEnabled=true, webStorageEnabled=true, nativeEvents=false, rotatable=false, locationContextEnabled=true, applicationCacheEnabled=false, takesScreenshot=true, version=26.0}]
	at sun.reflect.NativeConstructorAccessorImpl.newInstance0(Native Method)
	at sun.reflect.NativeConstructorAccessorImpl.newInstance(NativeConstructorAccessorImpl.java:57)
	at sun.reflect.DelegatingConstructorAccessorImpl.newInstance(DelegatingConstructorAccessorImpl.java:45)
	at java.lang.reflect.Constructor.newInstance(Constructor.java:526)
	at org.openqa.selenium.remote.ErrorHandler.createThrowable(ErrorHandler.java:193)
	at org.openqa.selenium.remote.ErrorHandler.throwIfResponseFailed(ErrorHandler.java:145)
	at org.openqa.selenium.remote.RemoteWebDriver.execute(RemoteWebDriver.java:554)
	at org.openqa.selenium.remote.RemoteWebDriver.findElement(RemoteWebDriver.java:307)
	at org.openqa.selenium.remote.RemoteWebDriver.findElementById(RemoteWebDriver.java:348)
	at org.openqa.selenium.By$ById.findElement(By.java:220)
	at org.openqa.selenium.remote.RemoteWebDriver.findElement(RemoteWebDriver.java:299)
	at com.puma.util.PumaCommonMethods.submitStep2(PumaCommonMethods.java:932)
	at com.puma.test.CheckoutEndToEnd.step1Fields(CheckoutEndToEnd.java:220)
	at sun.reflect.NativeMethodAccessorImpl.invoke0(Native Method)
	at sun.reflect.NativeMethodAccessorImpl.invoke(NativeMethodAccessorImpl.java:57)
	at sun.reflect.DelegatingMethodAccessorImpl.invoke(DelegatingMethodAccessorImpl.java:43)
	at java.lang.reflect.Method.invoke(Method.java:606)
	at org.testng.internal.MethodInvocationHelper.invokeMethod(MethodInvocationHelper.java:84)
	at org.testng.internal.Invoker.invokeMethod(Invoker.java:714)
	at org.testng.internal.Invoker.invokeTestMethod(Invoker.java:901)
	at org.testng.internal.Invoker.invokeTestMethods(Invoker.java:1231)
	at org.testng.internal.TestMethodWorker.invokeTestMethods(TestMethodWorker.java:127)
	at org.testng.internal.TestMethodWorker.run(TestMethodWorker.java:111)
	at org.testng.TestRunner.privateRun(TestRunner.java:767)
	at org.testng.TestRunner.run(TestRunner.java:617)
	at org.testng.SuiteRunner.runTest(SuiteRunner.java:334)
	at org.testng.SuiteRunner.runSequentially(SuiteRunner.java:329)
	at org.testng.SuiteRunner.privateRun(SuiteRunner.java:291)
	at org.testng.SuiteRunner.run(SuiteRunner.java:240)
	at org.testng.SuiteRunnerWorker.runSuite(SuiteRunnerWorker.java:52)
	at org.testng.SuiteRunnerWorker.run(SuiteRunnerWorker.java:86)
	at org.testng.TestNG.runSuitesSequentially(TestNG.java:1224)
	at org.testng.TestNG.runSuitesLocally(TestNG.java:1149)
	at org.testng.TestNG.run(TestNG.java:1057)
	at org.testng.TestNG.privateMain(TestNG.java:1364)
	at org.testng.TestNG.main(TestNG.java:1333)
Caused by: org.openqa.selenium.remote.ErrorHandler$UnknownServerException: Unable to locate element: {"method":"id","selector":"is-WIRECARD_CREDIT_CARD"}
Build info: version: '2.38.0', revision: 'bd32d4e', time: '2013-12-05 16:16:40'
System info: host: 'localhost', ip: '127.0.0.1', os.name: 'Mac OS X', os.arch: 'x86_64', os.version: '10.7.5', java.version: '1.7.0_25'
Driver info: driver.version: unknown
	at <anonymous class>.FirefoxDriver.prototype.findElementInternal_(file:///var/folders/_2/pb85wgk175l660128q0hftvh0000gp/T/anonymous5690994426999197046webdriver-profile/extensions/fxdriver@googlecode.com/components/driver_component.js:8860)
	at <anonymous class>.fxdriver.Timer.prototype.setTimeout/<.notify(file:///var/folders/_2/pb85wgk175l660128q0hftvh0000gp/T/anonymous5690994426999197046webdriver-profile/extensions/fxdriver@googlecode.com/components/driver_component.js:396)
]]>
            </full-stacktrace>
          </exception> <!-- org.openqa.selenium.NoSuchElementException -->
          <reporter-output>
            <line>
              <![CDATA[On page Step2 label for radio buttons is ENTER PAYMENT ADDRESS [*Required]]]>
            </line>
            <line>
              <![CDATA[Total on Step2 is ? 3.580,00]]>
            </line>
            <line>
              <![CDATA[Subtotal on Step2 is? 3.580,00]]>
            </line>
            <line>
              <![CDATA[Saved <a href=../screenshot/FAIL/11_Jan_2014__05_51_29PM.png>Screenshot</a>]]>
            </line>
          </reporter-output>
        </test-method> <!-- step1Fields -->
        <test-method status="PASS" signature="oneTimeTearDown()[pri:0, instance:com.puma.test.CheckoutEndToEnd@190621c9]" name="oneTimeTearDown" is-config="true" duration-ms="96" started-at="2014-01-11T17:51:29Z" finished-at="2014-01-11T17:51:29Z">
          <reporter-output>
          </reporter-output>
        </test-method> <!-- oneTimeTearDown -->
        <test-method status="PASS" signature="getToStep1()[pri:0, instance:com.puma.test.CheckoutEndToEnd@190621c9]" name="getToStep1" is-config="true" duration-ms="55289" started-at="2014-01-11T17:51:29Z" finished-at="2014-01-11T17:52:25Z">
          <reporter-output>
            <line>
              <![CDATA[On Home page title is Official PUMA Online Store | Russia]]>
            </line>
            <line>
              <![CDATA[On subcategory page title is 'Men's Fleece Track Pants - EU']]>
            </line>
            <line>
              <![CDATA[Selected color on PDP is: 'black-white']]>
            </line>
            <line>
              <![CDATA[After click on 2nd color swatch label changed to 'medium gray heather']]>
            </line>
            <line>
              <![CDATA[Page title on Cart page is PUMA Cart]]>
            </line>
            <line>
              <![CDATA[On checkout 'Sign In' page title is Sites-EU-Site]]>
            </line>
          </reporter-output>
        </test-method> <!-- getToStep1 -->
        <test-method status="FAIL" signature="step1Fields(java.util.Hashtable)[pri:0, instance:com.puma.test.CheckoutEndToEnd@190621c9]" name="step1Fields" duration-ms="49380" started-at="2014-01-11T17:52:25Z" data-provider="dataCountry" finished-at="2014-01-11T17:53:14Z">
          <params>
            <param index="0">
              <value>
                <![CDATA[{STREET_NUM=24-28, CITY=Copenhagen, PHONE=011 45 33 74 14 14, EMAIL=test@yahoo.com, LNAME=lnameSCopenhagen, COUNTRY=Denmark, ZIP=1253, ADDRESS2=, ADDRESS1=Toldbodgade, FNAME=fnameSCopenhagen}]]>
              </value>
            </param>
          </params>
          <exception class="org.openqa.selenium.NoSuchElementException">
            <message>
              <![CDATA[Unable to locate element: {"method":"id","selector":"cardholder"}
Command duration or timeout: 10.05 seconds
For documentation on this error, please visit: http://seleniumhq.org/exceptions/no_such_element.html
Build info: version: '2.38.0', revision: 'bd32d4e', time: '2013-12-05 16:16:40'
System info: host: 'localhost', ip: '127.0.0.1', os.name: 'Mac OS X', os.arch: 'x86_64', os.version: '10.7.5', java.version: '1.7.0_25'
Session ID: a8385a45-eb50-a74b-b9f6-51dd170757cc
Driver info: org.openqa.selenium.firefox.FirefoxDriver
Capabilities [{platform=MAC, acceptSslCerts=true, javascriptEnabled=true, cssSelectorsEnabled=true, databaseEnabled=true, browserName=firefox, handlesAlerts=true, browserConnectionEnabled=true, webStorageEnabled=true, nativeEvents=false, rotatable=false, locationContextEnabled=true, applicationCacheEnabled=false, takesScreenshot=true, version=26.0}]]]>
            </message>
            <full-stacktrace>
              <![CDATA[org.openqa.selenium.NoSuchElementException: Unable to locate element: {"method":"id","selector":"cardholder"}
Command duration or timeout: 10.05 seconds
For documentation on this error, please visit: http://seleniumhq.org/exceptions/no_such_element.html
Build info: version: '2.38.0', revision: 'bd32d4e', time: '2013-12-05 16:16:40'
System info: host: 'localhost', ip: '127.0.0.1', os.name: 'Mac OS X', os.arch: 'x86_64', os.version: '10.7.5', java.version: '1.7.0_25'
Session ID: a8385a45-eb50-a74b-b9f6-51dd170757cc
Driver info: org.openqa.selenium.firefox.FirefoxDriver
Capabilities [{platform=MAC, acceptSslCerts=true, javascriptEnabled=true, cssSelectorsEnabled=true, databaseEnabled=true, browserName=firefox, handlesAlerts=true, browserConnectionEnabled=true, webStorageEnabled=true, nativeEvents=false, rotatable=false, locationContextEnabled=true, applicationCacheEnabled=false, takesScreenshot=true, version=26.0}]
	at sun.reflect.NativeConstructorAccessorImpl.newInstance0(Native Method)
	at sun.reflect.NativeConstructorAccessorImpl.newInstance(NativeConstructorAccessorImpl.java:57)
	at sun.reflect.DelegatingConstructorAccessorImpl.newInstance(DelegatingConstructorAccessorImpl.java:45)
	at java.lang.reflect.Constructor.newInstance(Constructor.java:526)
	at org.openqa.selenium.remote.ErrorHandler.createThrowable(ErrorHandler.java:193)
	at org.openqa.selenium.remote.ErrorHandler.throwIfResponseFailed(ErrorHandler.java:145)
	at org.openqa.selenium.remote.RemoteWebDriver.execute(RemoteWebDriver.java:554)
	at org.openqa.selenium.remote.RemoteWebDriver.findElement(RemoteWebDriver.java:307)
	at org.openqa.selenium.remote.RemoteWebDriver.findElementById(RemoteWebDriver.java:348)
	at org.openqa.selenium.By$ById.findElement(By.java:220)
	at org.openqa.selenium.remote.RemoteWebDriver.findElement(RemoteWebDriver.java:299)
	at com.puma.util.PumaCommonMethods.submitWirecard(PumaCommonMethods.java:1000)
	at com.puma.test.CheckoutEndToEnd.step1Fields(CheckoutEndToEnd.java:224)
	at sun.reflect.NativeMethodAccessorImpl.invoke0(Native Method)
	at sun.reflect.NativeMethodAccessorImpl.invoke(NativeMethodAccessorImpl.java:57)
	at sun.reflect.DelegatingMethodAccessorImpl.invoke(DelegatingMethodAccessorImpl.java:43)
	at java.lang.reflect.Method.invoke(Method.java:606)
	at org.testng.internal.MethodInvocationHelper.invokeMethod(MethodInvocationHelper.java:84)
	at org.testng.internal.Invoker.invokeMethod(Invoker.java:714)
	at org.testng.internal.Invoker.invokeTestMethod(Invoker.java:901)
	at org.testng.internal.Invoker.invokeTestMethods(Invoker.java:1231)
	at org.testng.internal.TestMethodWorker.invokeTestMethods(TestMethodWorker.java:127)
	at org.testng.internal.TestMethodWorker.run(TestMethodWorker.java:111)
	at org.testng.TestRunner.privateRun(TestRunner.java:767)
	at org.testng.TestRunner.run(TestRunner.java:617)
	at org.testng.SuiteRunner.runTest(SuiteRunner.java:334)
	at org.testng.SuiteRunner.runSequentially(SuiteRunner.java:329)
	at org.testng.SuiteRunner.privateRun(SuiteRunner.java:291)
	at org.testng.SuiteRunner.run(SuiteRunner.java:240)
	at org.testng.SuiteRunnerWorker.runSuite(SuiteRunnerWorker.java:52)
	at org.testng.SuiteRunnerWorker.run(SuiteRunnerWorker.java:86)
	at org.testng.TestNG.runSuitesSequentially(TestNG.java:1224)
	at org.testng.TestNG.runSuitesLocally(TestNG.java:1149)
	at org.testng.TestNG.run(TestNG.java:1057)
	at org.testng.TestNG.privateMain(TestNG.java:1364)
	at org.testng.TestNG.main(TestNG.java:1333)
Caused by: org.openqa.selenium.remote.ErrorHandler$UnknownServerException: Unable to locate element: {"method":"id","selector":"cardholder"}
Build info: version: '2.38.0', revision: 'bd32d4e', time: '2013-12-05 16:16:40'
System info: host: 'localhost', ip: '127.0.0.1', os.name: 'Mac OS X', os.arch: 'x86_64', os.version: '10.7.5', java.version: '1.7.0_25'
Driver info: driver.version: unknown
	at <anonymous class>.FirefoxDriver.prototype.findElementInternal_(file:///var/folders/_2/pb85wgk175l660128q0hftvh0000gp/T/anonymous7421026398371217388webdriver-profile/extensions/fxdriver@googlecode.com/components/driver_component.js:8860)
	at <anonymous class>.fxdriver.Timer.prototype.setTimeout/<.notify(file:///var/folders/_2/pb85wgk175l660128q0hftvh0000gp/T/anonymous7421026398371217388webdriver-profile/extensions/fxdriver@googlecode.com/components/driver_component.js:396)
]]>
            </full-stacktrace>
          </exception> <!-- org.openqa.selenium.NoSuchElementException -->
          <reporter-output>
            <line>
              <![CDATA[On page Step2 label for radio buttons is SELECT A PAYMENT OPTION ? REQUIRED]]>
            </line>
            <line>
              <![CDATA[Total on Step2 is ? 7.160,00]]>
            </line>
            <line>
              <![CDATA[Subtotal on Step2 is? 7.160,00]]>
            </line>
            <line>
              <![CDATA[Page title is SiteGenesis Checkout]]>
            </line>
            <line>
              <![CDATA[Page title is Sites-EU-Site]]>
            </line>
            <line>
              <![CDATA[Saved <a href=../screenshot/FAIL/11_Jan_2014__05_53_14PM.png>Screenshot</a>]]>
            </line>
          </reporter-output>
        </test-method> <!-- step1Fields -->
        <test-method status="PASS" signature="oneTimeTearDown()[pri:0, instance:com.puma.test.CheckoutEndToEnd@190621c9]" name="oneTimeTearDown" is-config="true" duration-ms="108" started-at="2014-01-11T17:53:14Z" finished-at="2014-01-11T17:53:14Z">
          <reporter-output>
          </reporter-output>
        </test-method> <!-- oneTimeTearDown -->
        <test-method status="PASS" signature="getToStep1()[pri:0, instance:com.puma.test.CheckoutEndToEnd@190621c9]" name="getToStep1" is-config="true" duration-ms="59261" started-at="2014-01-11T17:53:14Z" finished-at="2014-01-11T17:54:13Z">
          <reporter-output>
            <line>
              <![CDATA[On Home page title is Official PUMA Online Store | Russia]]>
            </line>
            <line>
              <![CDATA[On subcategory page title is 'Men's Fleece Track Pants - EU']]>
            </line>
            <line>
              <![CDATA[Selected color on PDP is: 'black-white']]>
            </line>
            <line>
              <![CDATA[After click on 2nd color swatch label changed to 'medium gray heather']]>
            </line>
            <line>
              <![CDATA[Page title on Cart page is PUMA Cart]]>
            </line>
            <line>
              <![CDATA[On checkout 'Sign In' page title is Sites-EU-Site]]>
            </line>
          </reporter-output>
        </test-method> <!-- getToStep1 -->
        <test-method status="FAIL" signature="step1Fields(java.util.Hashtable)[pri:0, instance:com.puma.test.CheckoutEndToEnd@190621c9]" name="step1Fields" duration-ms="21673" started-at="2014-01-11T17:54:13Z" data-provider="dataCountry" finished-at="2014-01-11T17:54:35Z">
          <params>
            <param index="0">
              <value>
                <![CDATA[{STREET_NUM=3, CITY=Tallinn, PHONE=442-453-3741, EMAIL=test@sbcglobal.net, LNAME=lnameTalinn, COUNTRY=Estonia, ZIP=10145, ADDRESS2=, ADDRESS1=Tornimae, FNAME=fnameTalinn}]]>
              </value>
            </param>
          </params>
          <exception class="org.openqa.selenium.NoSuchElementException">
            <message>
              <![CDATA[Unable to locate element: {"method":"id","selector":"is-WIRECARD_CREDIT_CARD"}
Command duration or timeout: 10.08 seconds
For documentation on this error, please visit: http://seleniumhq.org/exceptions/no_such_element.html
Build info: version: '2.38.0', revision: 'bd32d4e', time: '2013-12-05 16:16:40'
System info: host: 'localhost', ip: '127.0.0.1', os.name: 'Mac OS X', os.arch: 'x86_64', os.version: '10.7.5', java.version: '1.7.0_25'
Session ID: 6baf5957-6a60-394c-ba84-4ed008a6aee8
Driver info: org.openqa.selenium.firefox.FirefoxDriver
Capabilities [{platform=MAC, acceptSslCerts=true, javascriptEnabled=true, cssSelectorsEnabled=true, databaseEnabled=true, browserName=firefox, handlesAlerts=true, browserConnectionEnabled=true, webStorageEnabled=true, nativeEvents=false, rotatable=false, locationContextEnabled=true, applicationCacheEnabled=false, takesScreenshot=true, version=26.0}]]]>
            </message>
            <full-stacktrace>
              <![CDATA[org.openqa.selenium.NoSuchElementException: Unable to locate element: {"method":"id","selector":"is-WIRECARD_CREDIT_CARD"}
Command duration or timeout: 10.08 seconds
For documentation on this error, please visit: http://seleniumhq.org/exceptions/no_such_element.html
Build info: version: '2.38.0', revision: 'bd32d4e', time: '2013-12-05 16:16:40'
System info: host: 'localhost', ip: '127.0.0.1', os.name: 'Mac OS X', os.arch: 'x86_64', os.version: '10.7.5', java.version: '1.7.0_25'
Session ID: 6baf5957-6a60-394c-ba84-4ed008a6aee8
Driver info: org.openqa.selenium.firefox.FirefoxDriver
Capabilities [{platform=MAC, acceptSslCerts=true, javascriptEnabled=true, cssSelectorsEnabled=true, databaseEnabled=true, browserName=firefox, handlesAlerts=true, browserConnectionEnabled=true, webStorageEnabled=true, nativeEvents=false, rotatable=false, locationContextEnabled=true, applicationCacheEnabled=false, takesScreenshot=true, version=26.0}]
	at sun.reflect.NativeConstructorAccessorImpl.newInstance0(Native Method)
	at sun.reflect.NativeConstructorAccessorImpl.newInstance(NativeConstructorAccessorImpl.java:57)
	at sun.reflect.DelegatingConstructorAccessorImpl.newInstance(DelegatingConstructorAccessorImpl.java:45)
	at java.lang.reflect.Constructor.newInstance(Constructor.java:526)
	at org.openqa.selenium.remote.ErrorHandler.createThrowable(ErrorHandler.java:193)
	at org.openqa.selenium.remote.ErrorHandler.throwIfResponseFailed(ErrorHandler.java:145)
	at org.openqa.selenium.remote.RemoteWebDriver.execute(RemoteWebDriver.java:554)
	at org.openqa.selenium.remote.RemoteWebDriver.findElement(RemoteWebDriver.java:307)
[...]
	at org.testng.TestNG.privateMain(TestNG.java:1364)
	at org.testng.TestNG.main(TestNG.java:1333)
]]>
            </full-stacktrace>
          </exception> <!-- java.lang.NullPointerException -->
          <reporter-output>
            <line>
              <![CDATA[Saved <a href=../screenshot/FAIL/11_Jan_2014__06_12_20PM.png>Screenshot</a>]]>
            </line>
          </reporter-output>
        </test-method> <!-- checkoutSignInRegistered -->
        <test-method status="PASS" signature="interstCheckoutPage()[pri:0, instance:com.puma.test.CheckoutSignIn@11d13e]" name="interstCheckoutPage" is-config="true" duration-ms="0" started-at="2014-01-11T18:12:20Z" finished-at="2014-01-11T18:12:20Z">
          <reporter-output>
          </reporter-output>
        </test-method> <!-- interstCheckoutPage -->
        <test-method status="PASS" signature="interstCheckoutPage()[pri:0, instance:com.puma.test.CheckoutSignIn@11d13e]" name="interstCheckoutPage" is-config="true" duration-ms="0" started-at="2014-01-11T18:12:20Z" finished-at="2014-01-11T18:12:20Z">
          <reporter-output>
          </reporter-output>
        </test-method> <!-- interstCheckoutPage -->
        <test-method status="FAIL" signature="checkoutSignInRegistered(java.lang.String, java.lang.String, java.lang.String)[pri:0, instance:com.puma.test.CheckoutSignIn@11d13e]" name="checkoutSignInRegistered" duration-ms="1" started-at="2014-01-11T18:12:20Z" data-provider="registeredCheckout" finished-at="2014-01-11T18:12:20Z">
          <params>
            <param index="0">
              <value>
                <![CDATA[software@yahoo.com]]>
              </value>
            </param>
            <param index="1">
              <value>
                <![CDATA[kipling1]]>
              </value>
            </param>
            <param index="2">
              <value>
                <![CDATA[Sorry, this does not match our records.]]>
              </value>
            </param>
          </params>
          <exception class="java.lang.NullPointerException">
            <full-stacktrace>
              <![CDATA[java.lang.NullPointerException
	at com.puma.test.CheckoutSignIn.checkoutSignInRegistered(CheckoutSignIn.java:125)
	at sun.reflect.NativeMethodAccessorImpl.invoke0(Native Method)
	at sun.reflect.NativeMethodAccessorImpl.invoke(NativeMethodAccessorImpl.java:57)
	at sun.reflect.DelegatingMethodAccessorImpl.invoke(DelegatingMethodAccessorImpl.java:43)
	at java.lang.reflect.Method.invoke(Method.java:606)
	at org.testng.internal.MethodInvocationHelper.invokeMethod(MethodInvocationHelper.java:84)
	at org.testng.internal.Invoker.invokeMethod(Invoker.java:714)
	at org.testng.internal.Invoker.invokeTestMethod(Invoker.java:901)
	at org.testng.internal.Invoker.invokeTestMethods(Invoker.java:1231)
	at org.testng.internal.TestMethodWorker.invokeTestMethods(TestMethodWorker.java:127)
	at org.testng.internal.TestMethodWorker.run(TestMethodWorker.java:111)
	at org.testng.TestRunner.privateRun(TestRunner.java:767)
	at org.testng.TestRunner.run(TestRunner.java:617)
	at org.testng.SuiteRunner.runTest(SuiteRunner.java:334)
	at org.testng.SuiteRunner.runSequentially(SuiteRunner.java:329)
	at org.testng.SuiteRunner.privateRun(SuiteRunner.java:291)
	at org.testng.SuiteRunner.run(SuiteRunner.java:240)
	at org.testng.SuiteRunnerWorker.runSuite(SuiteRunnerWorker.java:52)
	at org.testng.SuiteRunnerWorker.run(SuiteRunnerWorker.java:86)
	at org.testng.TestNG.runSuitesSequentially(TestNG.java:1224)
	at org.testng.TestNG.runSuitesLocally(TestNG.java:1149)
	at org.testng.TestNG.run(TestNG.java:1057)
	at org.testng.TestNG.privateMain(TestNG.java:1364)
	at org.testng.TestNG.main(TestNG.java:1333)
]]>
            </full-stacktrace>
          </exception> <!-- java.lang.NullPointerException -->
          <reporter-output>
            <line>
              <![CDATA[Saved <a href=../screenshot/FAIL/11_Jan_2014__06_12_21PM.png>Screenshot</a>]]>
            </line>
          </reporter-output>
        </test-method> <!-- checkoutSignInRegistered -->
        <test-method status="PASS" signature="interstCheckoutPage()[pri:0, instance:com.puma.test.CheckoutSignIn@11d13e]" name="interstCheckoutPage" is-config="true" duration-ms="0" started-at="2014-01-11T18:12:21Z" finished-at="2014-01-11T18:12:21Z">
          <reporter-output>
          </reporter-output>
        </test-method> <!-- interstCheckoutPage -->
        <test-method status="FAIL" signature="checkoutSignInRegistered(java.lang.String, java.lang.String, java.lang.String)[pri:0, instance:com.puma.test.CheckoutSignIn@11d13e]" name="checkoutSignInRegistered" duration-ms="0" started-at="2014-01-11T18:12:21Z" data-provider="registeredCheckout" finished-at="2014-01-11T18:12:21Z">
          <params>
            <param index="0">
              <value>
                <![CDATA[]]>
              </value>
            </param>
            <param index="1">
              <value>
                <![CDATA[]]>
              </value>
            </param>
            <param index="2">
              <value>
                <![CDATA[eror msg]]>
              </value>
            </param>
          </params>
          <exception class="java.lang.NullPointerException">
            <full-stacktrace>
              <![CDATA[java.lang.NullPointerException
	at com.puma.test.CheckoutSignIn.checkoutSignInRegistered(CheckoutSignIn.java:125)
	at sun.reflect.NativeMethodAccessorImpl.invoke0(Native Method)
	at sun.reflect.NativeMethodAccessorImpl.invoke(NativeMethodAccessorImpl.java:57)
	at sun.reflect.DelegatingMethodAccessorImpl.invoke(DelegatingMethodAccessorImpl.java:43)
	at java.lang.reflect.Method.invoke(Method.java:606)
	at org.testng.internal.MethodInvocationHelper.invokeMethod(MethodInvocationHelper.java:84)
	at org.testng.internal.Invoker.invokeMethod(Invoker.java:714)
	at org.testng.internal.Invoker.invokeTestMethod(Invoker.java:901)
	at org.testng.internal.Invoker.invokeTestMethods(Invoker.java:1231)
	at org.testng.internal.TestMethodWorker.invokeTestMethods(TestMethodWorker.java:127)
	at org.testng.internal.TestMethodWorker.run(TestMethodWorker.java:111)
	at org.testng.TestRunner.privateRun(TestRunner.java:767)
	at org.testng.TestRunner.run(TestRunner.java:617)
	at org.testng.SuiteRunner.runTest(SuiteRunner.java:334)
	at org.testng.SuiteRunner.runSequentially(SuiteRunner.java:329)
	at org.testng.SuiteRunner.privateRun(SuiteRunner.java:291)
	at org.testng.SuiteRunner.run(SuiteRunner.java:240)
	at org.testng.SuiteRunnerWorker.runSuite(SuiteRunnerWorker.java:52)
	at org.testng.SuiteRunnerWorker.run(SuiteRunnerWorker.java:86)
	at org.testng.TestNG.runSuitesSequentially(TestNG.java:1224)
	at org.testng.TestNG.runSuitesLocally(TestNG.java:1149)
	at org.testng.TestNG.run(TestNG.java:1057)
	at org.testng.TestNG.privateMain(TestNG.java:1364)
	at org.testng.TestNG.main(TestNG.java:1333)
]]>
            </full-stacktrace>
          </exception> <!-- java.lang.NullPointerException -->
          <reporter-output>
            <line>
              <![CDATA[Saved <a href=../screenshot/FAIL/11_Jan_2014__06_12_21PM.png>Screenshot</a>]]>
            </line>
          </reporter-output>
        </test-method> <!-- checkoutSignInRegistered -->
        <test-method status="FAIL" signature="checkoutSignInRegistered(java.lang.String, java.lang.String, java.lang.String)[pri:0, instance:com.puma.test.CheckoutSignIn@11d13e]" name="checkoutSignInRegistered" duration-ms="0" started-at="2014-01-11T18:12:21Z" data-provider="registeredCheckout" finished-at="2014-01-11T18:12:21Z">
          <params>
            <param index="0">
              <value>
                <![CDATA[software_test22@hotmail.com]]>
              </value>
            </param>
            <param index="1">
              <value>
                <![CDATA[kipling22]]>
              </value>
            </param>
            <param index="2">
              <value>
                <![CDATA[err msg]]>
              </value>
            </param>
          </params>
          <exception class="java.lang.NullPointerException">
            <full-stacktrace>
              <![CDATA[java.lang.NullPointerException
	at com.puma.test.CheckoutSignIn.checkoutSignInRegistered(CheckoutSignIn.java:125)
	at sun.reflect.NativeMethodAccessorImpl.invoke0(Native Method)
	at sun.reflect.NativeMethodAccessorImpl.invoke(NativeMethodAccessorImpl.java:57)
	at sun.reflect.DelegatingMethodAccessorImpl.invoke(DelegatingMethodAccessorImpl.java:43)
	at java.lang.reflect.Method.invoke(Method.java:606)
	at org.testng.internal.MethodInvocationHelper.invokeMethod(MethodInvocationHelper.java:84)
	at org.testng.internal.Invoker.invokeMethod(Invoker.java:714)
	at org.testng.internal.Invoker.invokeTestMethod(Invoker.java:901)
	at org.testng.internal.Invoker.invokeTestMethods(Invoker.java:1231)
	at org.testng.internal.TestMethodWorker.invokeTestMethods(TestMethodWorker.java:127)
	at org.testng.internal.TestMethodWorker.run(TestMethodWorker.java:111)
	at org.testng.TestRunner.privateRun(TestRunner.java:767)
	at org.testng.TestRunner.run(TestRunner.java:617)
	at org.testng.SuiteRunner.runTest(SuiteRunner.java:334)
	at org.testng.SuiteRunner.runSequentially(SuiteRunner.java:329)
	at org.testng.SuiteRunner.privateRun(SuiteRunner.java:291)
	at org.testng.SuiteRunner.run(SuiteRunner.java:240)
	at org.testng.SuiteRunnerWorker.runSuite(SuiteRunnerWorker.java:52)
	at org.testng.SuiteRunnerWorker.run(SuiteRunnerWorker.java:86)
	at org.testng.TestNG.runSuitesSequentially(TestNG.java:1224)
	at org.testng.TestNG.runSuitesLocally(TestNG.java:1149)
	at org.testng.TestNG.run(TestNG.java:1057)
	at org.testng.TestNG.privateMain(TestNG.java:1364)
	at org.testng.TestNG.main(TestNG.java:1333)
]]>
            </full-stacktrace>
          </exception> <!-- java.lang.NullPointerException -->
          <reporter-output>
            <line>
              <![CDATA[Saved <a href=../screenshot/FAIL/11_Jan_2014__06_12_21PM.png>Screenshot</a>]]>
            </line>
          </reporter-output>
        </test-method> <!-- checkoutSignInRegistered -->
        <test-method status="PASS" signature="interstCheckoutPage()[pri:0, instance:com.puma.test.CheckoutSignIn@11d13e]" name="interstCheckoutPage" is-config="true" duration-ms="0" started-at="2014-01-11T18:12:21Z" finished-at="2014-01-11T18:12:21Z">
          <reporter-output>
          </reporter-output>
        </test-method> <!-- interstCheckoutPage -->
        <test-method status="PASS" signature="interstCheckoutPage()[pri:0, instance:com.puma.test.CheckoutSignIn@11d13e]" name="interstCheckoutPage" is-config="true" duration-ms="0" started-at="2014-01-11T18:12:21Z" finished-at="2014-01-11T18:12:21Z">
          <reporter-output>
          </reporter-output>
        </test-method> <!-- interstCheckoutPage -->
        <test-method status="FAIL" signature="getToPDP()[pri:0, instance:com.puma.test.CheckoutSignIn@11d13e]" name="getToPDP" duration-ms="1" started-at="2014-01-11T18:12:21Z" finished-at="2014-01-11T18:12:21Z">
          <exception class="java.lang.NullPointerException">
            <full-stacktrace>
              <![CDATA[java.lang.NullPointerException
	at com.puma.util.PumaCommonMethods.openPumaHomePage(PumaCommonMethods.java:314)
	at com.puma.util.PumaCommonMethods.homePageMainNav(PumaCommonMethods.java:382)
	at com.puma.test.CheckoutSignIn.getToPDP(CheckoutSignIn.java:60)
	at sun.reflect.NativeMethodAccessorImpl.invoke0(Native Method)
	at sun.reflect.NativeMethodAccessorImpl.invoke(NativeMethodAccessorImpl.java:57)
	at sun.reflect.DelegatingMethodAccessorImpl.invoke(DelegatingMethodAccessorImpl.java:43)
	at java.lang.reflect.Method.invoke(Method.java:606)
	at org.testng.internal.MethodInvocationHelper.invokeMethod(MethodInvocationHelper.java:84)
	at org.testng.internal.Invoker.invokeMethod(Invoker.java:714)
	at org.testng.internal.Invoker.invokeTestMethod(Invoker.java:901)
	at org.testng.internal.Invoker.invokeTestMethods(Invoker.java:1231)
	at org.testng.internal.TestMethodWorker.invokeTestMethods(TestMethodWorker.java:127)
	at org.testng.internal.TestMethodWorker.run(TestMethodWorker.java:111)
	at org.testng.TestRunner.privateRun(TestRunner.java:767)
	at org.testng.TestRunner.run(TestRunner.java:617)
	at org.testng.SuiteRunner.runTest(SuiteRunner.java:334)
	at org.testng.SuiteRunner.runSequentially(SuiteRunner.java:329)
	at org.testng.SuiteRunner.privateRun(SuiteRunner.java:291)
	at org.testng.SuiteRunner.run(SuiteRunner.java:240)
	at org.testng.SuiteRunnerWorker.runSuite(SuiteRunnerWorker.java:52)
	at org.testng.SuiteRunnerWorker.run(SuiteRunnerWorker.java:86)
	at org.testng.TestNG.runSuitesSequentially(TestNG.java:1224)
	at org.testng.TestNG.runSuitesLocally(TestNG.java:1149)
	at org.testng.TestNG.run(TestNG.java:1057)
	at org.testng.TestNG.privateMain(TestNG.java:1364)
	at org.testng.TestNG.main(TestNG.java:1333)
]]>
            </full-stacktrace>
          </exception> <!-- java.lang.NullPointerException -->
          <reporter-output>
            <line>
              <![CDATA[Saved <a href=../screenshot/FAIL/11_Jan_2014__06_12_22PM.png>Screenshot</a>]]>
            </line>
          </reporter-output>
        </test-method> <!-- getToPDP -->
        <test-method status="SKIP" signature="checkoutSignInGuest()[pri:0, instance:com.puma.test.CheckoutSignIn@11d13e]" name="checkoutSignInGuest" duration-ms="1" depends-on-groups="initSignIn" started-at="2014-01-11T18:13:27Z" finished-at="2014-01-11T18:13:27Z">
          <reporter-output>
          </reporter-output>
        </test-method> <!-- checkoutSignInGuest -->
      </class> <!-- com.puma.test.CheckoutSignIn -->
      <class name="com.puma.test.CheckoutStep1Unit">
        <test-method status="FAIL" signature="getFromHomeToStep1()[pri:0, instance:com.puma.test.CheckoutStep1Unit@11c03d7b]" name="getFromHomeToStep1" duration-ms="1" started-at="2014-01-11T18:12:22Z" finished-at="2014-01-11T18:12:22Z">
          <exception class="java.lang.NullPointerException">
            <full-stacktrace>
              <![CDATA[java.lang.NullPointerException
	at com.puma.util.PumaCommonMethods.openPumaHomePage(PumaCommonMethods.java:314)
	at com.puma.util.PumaCommonMethods.homePageMainNav(PumaCommonMethods.java:382)
	at com.puma.test.CheckoutStep1Unit.getFromHomeToStep1(CheckoutStep1Unit.java:74)
	at sun.reflect.NativeMethodAccessorImpl.invoke0(Native Method)
	at sun.reflect.NativeMethodAccessorImpl.invoke(NativeMethodAccessorImpl.java:57)
	at sun.reflect.DelegatingMethodAccessorImpl.invoke(DelegatingMethodAccessorImpl.java:43)
	at java.lang.reflect.Method.invoke(Method.java:606)
	at org.testng.internal.MethodInvocationHelper.invokeMethod(MethodInvocationHelper.java:84)
	at org.testng.internal.Invoker.invokeMethod(Invoker.java:714)
	at org.testng.internal.Invoker.invokeTestMethod(Invoker.java:901)
	at org.testng.internal.Invoker.invokeTestMethods(Invoker.java:1231)
	at org.testng.internal.TestMethodWorker.invokeTestMethods(TestMethodWorker.java:127)
	at org.testng.internal.TestMethodWorker.run(TestMethodWorker.java:111)
	at org.testng.TestRunner.privateRun(TestRunner.java:767)
	at org.testng.TestRunner.run(TestRunner.java:617)
	at org.testng.SuiteRunner.runTest(SuiteRunner.java:334)
	at org.testng.SuiteRunner.runSequentially(SuiteRunner.java:329)
	at org.testng.SuiteRunner.privateRun(SuiteRunner.java:291)
	at org.testng.SuiteRunner.run(SuiteRunner.java:240)
	at org.testng.SuiteRunnerWorker.runSuite(SuiteRunnerWorker.java:52)
	at org.testng.SuiteRunnerWorker.run(SuiteRunnerWorker.java:86)
	at org.testng.TestNG.runSuitesSequentially(TestNG.java:1224)
	at org.testng.TestNG.runSuitesLocally(TestNG.java:1149)
	at org.testng.TestNG.run(TestNG.java:1057)
	at org.testng.TestNG.privateMain(TestNG.java:1364)
	at org.testng.TestNG.main(TestNG.java:1333)
]]>
            </full-stacktrace>
          </exception> <!-- java.lang.NullPointerException -->
          <reporter-output>
            <line>
              <![CDATA[Saved <a href=../screenshot/FAIL/11_Jan_2014__06_12_23PM.png>Screenshot</a>]]>
            </line>
          </reporter-output>
        </test-method> <!-- getFromHomeToStep1 -->
        <test-method status="SKIP" signature="step1FieldsAddress1(java.util.Hashtable)[pri:0, instance:com.puma.test.CheckoutStep1Unit@11c03d7b]" name="step1FieldsAddress1" duration-ms="1" depends-on-groups="initCheckoutStep1Unit" started-at="2014-01-11T18:13:27Z" data-provider="dataCountry" finished-at="2014-01-11T18:13:27Z">
          <reporter-output>
          </reporter-output>
        </test-method> <!-- step1FieldsAddress1 -->
        <test-method status="SKIP" signature="step1CountryDropDown()[pri:0, instance:com.puma.test.CheckoutStep1Unit@11c03d7b]" name="step1CountryDropDown" duration-ms="0" depends-on-groups="initCheckoutStep1Unit" started-at="2014-01-11T18:13:27Z" finished-at="2014-01-11T18:13:27Z">
          <reporter-output>
          </reporter-output>
        </test-method> <!-- step1CountryDropDown -->
        <test-method status="SKIP" signature="step1FieldsEmail(java.util.Hashtable)[pri:0, instance:com.puma.test.CheckoutStep1Unit@11c03d7b]" name="step1FieldsEmail" duration-ms="0" depends-on-groups="initCheckoutStep1Unit" started-at="2014-01-11T18:13:27Z" data-provider="dataCountry" finished-at="2014-01-11T18:13:27Z">
          <reporter-output>
          </reporter-output>
        </test-method> <!-- step1FieldsEmail -->
        <test-method status="SKIP" signature="step1FieldsName(java.util.Hashtable)[pri:0, instance:com.puma.test.CheckoutStep1Unit@11c03d7b]" name="step1FieldsName" duration-ms="0" depends-on-groups="initCheckoutStep1Unit" started-at="2014-01-11T18:13:27Z" data-provider="dataCountry" finished-at="2014-01-11T18:13:27Z">
          <reporter-output>
          </reporter-output>
        </test-method> <!-- step1FieldsName -->
        <test-method status="SKIP" signature="step1FieldsLname(java.util.Hashtable)[pri:0, instance:com.puma.test.CheckoutStep1Unit@11c03d7b]" name="step1FieldsLname" duration-ms="0" depends-on-groups="initCheckoutStep1Unit" started-at="2014-01-11T18:13:27Z" data-provider="dataCountry" finished-at="2014-01-11T18:13:27Z">
          <reporter-output>
          </reporter-output>
        </test-method> <!-- step1FieldsLname -->
        <test-method status="SKIP" signature="step1FieldsCity(java.util.Hashtable)[pri:0, instance:com.puma.test.CheckoutStep1Unit@11c03d7b]" name="step1FieldsCity" duration-ms="0" depends-on-groups="initCheckoutStep1Unit" started-at="2014-01-11T18:13:27Z" data-provider="dataCountry" finished-at="2014-01-11T18:13:27Z">
          <reporter-output>
          </reporter-output>
        </test-method> <!-- step1FieldsCity -->
        <test-method status="SKIP" signature="step1FieldsZip(java.util.Hashtable)[pri:0, instance:com.puma.test.CheckoutStep1Unit@11c03d7b]" name="step1FieldsZip" duration-ms="1" depends-on-groups="initCheckoutStep1Unit" started-at="2014-01-11T18:13:27Z" data-provider="dataCountry" finished-at="2014-01-11T18:13:27Z">
          <reporter-output>
          </reporter-output>
        </test-method> <!-- step1FieldsZip -->
        <test-method status="SKIP" signature="step1SalutationBirthday()[pri:0, instance:com.puma.test.CheckoutStep1Unit@11c03d7b]" name="step1SalutationBirthday" duration-ms="0" depends-on-groups="initCheckoutStep1Unit" started-at="2014-01-11T18:13:27Z" finished-at="2014-01-11T18:13:27Z">
          <reporter-output>
          </reporter-output>
        </test-method> <!-- step1SalutationBirthday -->
        <test-method status="SKIP" signature="step1NextStepBtnUI()[pri:0, instance:com.puma.test.CheckoutStep1Unit@11c03d7b]" name="step1NextStepBtnUI" duration-ms="0" depends-on-groups="initCheckoutStep1Unit" started-at="2014-01-11T18:13:27Z" finished-at="2014-01-11T18:13:27Z">
          <reporter-output>
          </reporter-output>
        </test-method> <!-- step1NextStepBtnUI -->
      </class> <!-- com.puma.test.CheckoutStep1Unit -->
    </test> <!-- Ant test -->
  </suite> <!-- Ant suite -->
</testng-results>
