<html>
<head>
<title>TestNG:  Default test(failed)</title>
<link href="../testng.css" rel="stylesheet" type="text/css" />
<link href="../my-testng.css" rel="stylesheet" type="text/css" />

<style type="text/css">
.log { display: none;} 
.stack-trace { display: none;} 
</style>
<script type="text/javascript">
<!--
function flip(e) {
  current = e.style.display;
  if (current == 'block') {
    e.style.display = 'none';
    return 0;
  }
  else {
    e.style.display = 'block';
    return 1;
  }
}

function toggleBox(szDivId, elem, msg1, msg2)
{
  var res = -1;  if (document.getElementById) {
    res = flip(document.getElementById(szDivId));
  }
  else if (document.all) {
    // this is the way old msie versions work
    res = flip(document.all[szDivId]);
  }
  if(elem) {
    if(res == 0) elem.innerHTML = msg1; else elem.innerHTML = msg2;
  }

}

function toggleAllBoxes() {
  if (document.getElementsByTagName) {
    d = document.getElementsByTagName('div');
    for (i = 0; i < d.length; i++) {
      if (d[i].className == 'log') {
        flip(d[i]);
      }
    }
  }
}

// -->
</script>

</head>
<body>
<h2 align='center'>Default test(failed)</h2><table border='1' align="center">
<tr>
<td>Tests passed/Failed/Skipped:</td><td>0/1/16</td>
</tr><tr>
<td>Started on:</td><td>Thu Jan 23 18:37:02 PST 2014</td>
</tr>
<tr><td>Total time:</td><td>86 seconds (86858 ms)</td>
</tr><tr>
<td>Included groups:</td><td></td>
</tr><tr>
<td>Excluded groups:</td><td></td>
</tr>
</table><p/>
<small><i>(Hover the method name to see the test class name)</i></small><p/>
<table width='100%' border='1' class='invocation-failed'>
<tr><td colspan='4' align='center'><b>FAILED CONFIGURATIONS</b></td></tr>
<tr><td><b>Test method</b></td>
<td width="30%"><b>Exception</b></td>
<td width="10%"><b>Time (seconds)</b></td>
<td><b>Instance</b></td>
</tr>
<tr>
<td title='com.puma.test.CheckoutEndToEnd.getToStep1()'><b>getToStep1</b><br>Test class: com.puma.test.CheckoutEndToEnd</td>
<td><div><pre>org.openqa.selenium.remote.UnreachableBrowserException: Error communicating with the remote browser. It may have died.
Build info: version: &apos;2.38.0&apos;, revision: &apos;bd32d4e&apos;, time: &apos;2013-12-05 16:16:40&apos;
System info: host: &apos;localhost&apos;, ip: &apos;127.0.0.1&apos;, os.name: &apos;Mac OS X&apos;, os.arch: &apos;x86_64&apos;, os.version: &apos;10.7.5&apos;, java.version: &apos;1.7.0_25&apos;
Driver info: driver.version: RemoteWebDriver
	at org.openqa.selenium.remote.RemoteWebDriver.execute(RemoteWebDriver.java:548)
	at org.openqa.selenium.remote.RemoteWebDriver.get(RemoteWebDriver.java:276)
	at com.puma.util.PumaCommonMethods.openPumaHomePage(PumaCommonMethods.java:489)
	at com.puma.util.PumaCommonMethods.homePageMainNav(PumaCommonMethods.java:557)
	at com.puma.test.CheckoutEndToEnd.getToStep1(CheckoutEndToEnd.java:92)
Caused by: java.net.ConnectException: Connection refused
	at java.net.PlainSocketImpl.socketConnect(Native Method)
	at java.net.AbstractPlainSocketImpl.doConnect(AbstractPlainSocketImpl.java:339)
	at java.net.AbstractPlainSocketImpl.connectToAddress(AbstractPlainSocketImpl.java:200)
	at java.net.AbstractPlainSocketImpl.connect(AbstractPlainSocketImpl.java:182)
	at java.net.SocksSocketImpl.connect(SocksSocketImpl.java:392)
	at java.net.Socket.connect(Socket.java:579)
	at org.apache.http.conn.scheme.PlainSocketFactory.connectSocket(PlainSocketFactory.java:117)
	at org.apache.http.impl.conn.DefaultClientConnectionOperator.openConnection(DefaultClientConnectionOperator.java:178)
	at org.apache.http.impl.conn.AbstractPoolEntry.open(AbstractPoolEntry.java:144)
	at org.apache.http.impl.conn.AbstractPooledConnAdapter.open(AbstractPooledConnAdapter.java:131)
	at org.apache.http.impl.client.DefaultRequestDirector.tryConnect(DefaultRequestDirector.java:610)
	at org.apache.http.impl.client.DefaultRequestDirector.execute(DefaultRequestDirector.java:445)
	at org.apache.http.impl.client.AbstractHttpClient.doExecute(AbstractHttpClient.java:863)
	at org.apache.http.impl.client.CloseableHttpClient.execute(CloseableHttpClient.java:72)
	at org.apache.http.impl.client.CloseableHttpClient.execute(CloseableHttpClient.java:57)
	at org.openqa.selenium.remote.HttpCommandExecutor.fallBackExecute(HttpCommandExecutor.java:337)
	at org.openqa.selenium.remote.HttpCommandExecutor.execute(HttpCommandExecutor.java:298)
	at org.openqa.selenium.firefox.internal.NewProfileExtensionConnection.execute(NewProfileExtensionConnection.java:165)
	at org.openqa.selenium.firefox.FirefoxDriver$LazyCommandExecutor.execute(FirefoxDriver.java:366)
	at org.openqa.selenium.remote.RemoteWebDriver.execute(RemoteWebDriver.java:527)
	... 30 more
... Removed 26 stack frames</pre></div><a href='#' onClick='toggleBox("stack-trace694071167", this, "Click to show all stack frames", "Click to hide stack frames")'>Click to show all stack frames</a>
<div class='stack-trace' id='stack-trace694071167'><pre>org.openqa.selenium.remote.UnreachableBrowserException: Error communicating with the remote browser. It may have died.
Build info: version: &apos;2.38.0&apos;, revision: &apos;bd32d4e&apos;, time: &apos;2013-12-05 16:16:40&apos;
System info: host: &apos;localhost&apos;, ip: &apos;127.0.0.1&apos;, os.name: &apos;Mac OS X&apos;, os.arch: &apos;x86_64&apos;, os.version: &apos;10.7.5&apos;, java.version: &apos;1.7.0_25&apos;
Driver info: driver.version: RemoteWebDriver
	at org.openqa.selenium.remote.RemoteWebDriver.execute(RemoteWebDriver.java:548)
	at org.openqa.selenium.remote.RemoteWebDriver.get(RemoteWebDriver.java:276)
	at com.puma.util.PumaCommonMethods.openPumaHomePage(PumaCommonMethods.java:489)
	at com.puma.util.PumaCommonMethods.homePageMainNav(PumaCommonMethods.java:557)
	at com.puma.test.CheckoutEndToEnd.getToStep1(CheckoutEndToEnd.java:92)
	at sun.reflect.NativeMethodAccessorImpl.invoke0(Native Method)
	at sun.reflect.NativeMethodAccessorImpl.invoke(NativeMethodAccessorImpl.java:57)
	at sun.reflect.DelegatingMethodAccessorImpl.invoke(DelegatingMethodAccessorImpl.java:43)
	at java.lang.reflect.Method.invoke(Method.java:606)
	at org.testng.internal.MethodInvocationHelper.invokeMethod(MethodInvocationHelper.java:84)
	at org.testng.internal.Invoker.invokeConfigurationMethod(Invoker.java:564)
	at org.testng.internal.Invoker.invokeConfigurations(Invoker.java:213)
	at org.testng.internal.Invoker.invokeMethod(Invoker.java:653)
	at org.testng.internal.Invoker.invokeTestMethod(Invoker.java:901)
	at org.testng.internal.Invoker.invokeTestMethods(Invoker.java:1231)
	at org.testng.internal.TestMethodWorker.invokeTestMethods(TestMethodWorker.java:127)
	at org.testng.internal.TestMethodWorker.run(TestMethodWorker.java:111)
	at org.testng.TestRunner.privateRun(TestRunner.java:767)
	at org.testng.TestRunner.run(TestRunner.java:617)
	at org.testng.SuiteRunner.runTest(SuiteRunner.java:334)
	at org.testng.SuiteRunner.runSequentially(SuiteRunner.java:329)
	at org.testng.SuiteRunner.privateRun(SuiteRunner.java:291)
	at org.testng.SuiteRunner.run(SuiteRunner.java:240)
	at org.testng.SuiteRunnerWorker.runSuite(SuiteRunnerWorker.java:52)
	at org.testng.SuiteRunnerWorker.run(SuiteRunnerWorker.java:86)
	at org.testng.TestNG.runSuitesSequentially(TestNG.java:1224)
	at org.testng.TestNG.runSuitesLocally(TestNG.java:1149)
	at org.testng.TestNG.run(TestNG.java:1057)
	at org.testng.remote.RemoteTestNG.run(RemoteTestNG.java:111)
	at org.testng.remote.RemoteTestNG.initAndRun(RemoteTestNG.java:204)
	at org.testng.remote.RemoteTestNG.main(RemoteTestNG.java:175)
Caused by: java.net.ConnectException: Connection refused
	at java.net.PlainSocketImpl.socketConnect(Native Method)
	at java.net.AbstractPlainSocketImpl.doConnect(AbstractPlainSocketImpl.java:339)
	at java.net.AbstractPlainSocketImpl.connectToAddress(AbstractPlainSocketImpl.java:200)
	at java.net.AbstractPlainSocketImpl.connect(AbstractPlainSocketImpl.java:182)
	at java.net.SocksSocketImpl.connect(SocksSocketImpl.java:392)
	at java.net.Socket.connect(Socket.java:579)
	at org.apache.http.conn.scheme.PlainSocketFactory.connectSocket(PlainSocketFactory.java:117)
	at org.apache.http.impl.conn.DefaultClientConnectionOperator.openConnection(DefaultClientConnectionOperator.java:178)
	at org.apache.http.impl.conn.AbstractPoolEntry.open(AbstractPoolEntry.java:144)
	at org.apache.http.impl.conn.AbstractPooledConnAdapter.open(AbstractPooledConnAdapter.java:131)
	at org.apache.http.impl.client.DefaultRequestDirector.tryConnect(DefaultRequestDirector.java:610)
	at org.apache.http.impl.client.DefaultRequestDirector.execute(DefaultRequestDirector.java:445)
	at org.apache.http.impl.client.AbstractHttpClient.doExecute(AbstractHttpClient.java:863)
	at org.apache.http.impl.client.CloseableHttpClient.execute(CloseableHttpClient.java:72)
	at org.apache.http.impl.client.CloseableHttpClient.execute(CloseableHttpClient.java:57)
	at org.openqa.selenium.remote.HttpCommandExecutor.fallBackExecute(HttpCommandExecutor.java:337)
	at org.openqa.selenium.remote.HttpCommandExecutor.execute(HttpCommandExecutor.java:298)
	at org.openqa.selenium.firefox.internal.NewProfileExtensionConnection.execute(NewProfileExtensionConnection.java:165)
	at org.openqa.selenium.firefox.FirefoxDriver$LazyCommandExecutor.execute(FirefoxDriver.java:366)
	at org.openqa.selenium.remote.RemoteWebDriver.execute(RemoteWebDriver.java:527)
	... 30 more
</pre></div></td>
<td>0</td>
<td>com.puma.test.CheckoutEndToEnd@72871d3e</td></tr>
</table><p>
<table width='100%' border='1' class='invocation-skipped'>
<tr><td colspan='4' align='center'><b>SKIPPED CONFIGURATIONS</b></td></tr>
<tr><td><b>Test method</b></td>
<td width="30%"><b>Exception</b></td>
<td width="10%"><b>Time (seconds)</b></td>
<td><b>Instance</b></td>
</tr>
<tr>
<td title='com.puma.test.CheckoutEndToEnd.getToStep1()'><b>getToStep1</b><br>Test class: com.puma.test.CheckoutEndToEnd</td>
<td></td>
<td>0</td>
<td>com.puma.test.CheckoutEndToEnd@72871d3e</td></tr>
<tr>
<td title='com.puma.test.CheckoutEndToEnd.getToStep1()'><b>getToStep1</b><br>Test class: com.puma.test.CheckoutEndToEnd</td>
<td></td>
<td>0</td>
<td>com.puma.test.CheckoutEndToEnd@72871d3e</td></tr>
<tr>
<td title='com.puma.test.CheckoutEndToEnd.getToStep1()'><b>getToStep1</b><br>Test class: com.puma.test.CheckoutEndToEnd</td>
<td></td>
<td>0</td>
<td>com.puma.test.CheckoutEndToEnd@72871d3e</td></tr>
<tr>
<td title='com.puma.test.CheckoutEndToEnd.getToStep1()'><b>getToStep1</b><br>Test class: com.puma.test.CheckoutEndToEnd</td>
<td></td>
<td>0</td>
<td>com.puma.test.CheckoutEndToEnd@72871d3e</td></tr>
<tr>
<td title='com.puma.test.CheckoutEndToEnd.getToStep1()'><b>getToStep1</b><br>Test class: com.puma.test.CheckoutEndToEnd</td>
<td></td>
<td>0</td>
<td>com.puma.test.CheckoutEndToEnd@72871d3e</td></tr>
<tr>
<td title='com.puma.test.CheckoutEndToEnd.getToStep1()'><b>getToStep1</b><br>Test class: com.puma.test.CheckoutEndToEnd</td>
<td></td>
<td>0</td>
<td>com.puma.test.CheckoutEndToEnd@72871d3e</td></tr>
<tr>
<td title='com.puma.test.CheckoutEndToEnd.getToStep1()'><b>getToStep1</b><br>Test class: com.puma.test.CheckoutEndToEnd</td>
<td></td>
<td>0</td>
<td>com.puma.test.CheckoutEndToEnd@72871d3e</td></tr>
<tr>
<td title='com.puma.test.CheckoutEndToEnd.getToStep1()'><b>getToStep1</b><br>Test class: com.puma.test.CheckoutEndToEnd</td>
<td></td>
<td>0</td>
<td>com.puma.test.CheckoutEndToEnd@72871d3e</td></tr>
<tr>
<td title='com.puma.test.CheckoutEndToEnd.getToStep1()'><b>getToStep1</b><br>Test class: com.puma.test.CheckoutEndToEnd</td>
<td></td>
<td>0</td>
<td>com.puma.test.CheckoutEndToEnd@72871d3e</td></tr>
<tr>
<td title='com.puma.test.CheckoutEndToEnd.getToStep1()'><b>getToStep1</b><br>Test class: com.puma.test.CheckoutEndToEnd</td>
<td></td>
<td>0</td>
<td>com.puma.test.CheckoutEndToEnd@72871d3e</td></tr>
<tr>
<td title='com.puma.test.CheckoutEndToEnd.getToStep1()'><b>getToStep1</b><br>Test class: com.puma.test.CheckoutEndToEnd</td>
<td></td>
<td>0</td>
<td>com.puma.test.CheckoutEndToEnd@72871d3e</td></tr>
<tr>
<td title='com.puma.test.CheckoutEndToEnd.getToStep1()'><b>getToStep1</b><br>Test class: com.puma.test.CheckoutEndToEnd</td>
<td></td>
<td>0</td>
<td>com.puma.test.CheckoutEndToEnd@72871d3e</td></tr>
<tr>
<td title='com.puma.test.CheckoutEndToEnd.getToStep1()'><b>getToStep1</b><br>Test class: com.puma.test.CheckoutEndToEnd</td>
<td></td>
<td>0</td>
<td>com.puma.test.CheckoutEndToEnd@72871d3e</td></tr>
<tr>
<td title='com.puma.test.CheckoutEndToEnd.getToStep1()'><b>getToStep1</b><br>Test class: com.puma.test.CheckoutEndToEnd</td>
<td></td>
<td>0</td>
<td>com.puma.test.CheckoutEndToEnd@72871d3e</td></tr>
<tr>
<td title='com.puma.test.CheckoutEndToEnd.getToStep1()'><b>getToStep1</b><br>Test class: com.puma.test.CheckoutEndToEnd</td>
<td></td>
<td>0</td>
<td>com.puma.test.CheckoutEndToEnd@72871d3e</td></tr>
<tr>
<td title='com.puma.test.CheckoutEndToEnd.oneTimeTearDown()'><b>oneTimeTearDown</b><br>Test class: com.puma.test.CheckoutEndToEnd</td>
<td></td>
<td>0</td>
<td>com.puma.test.CheckoutEndToEnd@72871d3e</td></tr>
<tr>
<td title='com.puma.test.CheckoutEndToEnd.oneTimeTearDown()'><b>oneTimeTearDown</b><br>Test class: com.puma.test.CheckoutEndToEnd</td>
<td></td>
<td>0</td>
<td>com.puma.test.CheckoutEndToEnd@72871d3e</td></tr>
<tr>
<td title='com.puma.test.CheckoutEndToEnd.oneTimeTearDown()'><b>oneTimeTearDown</b><br>Test class: com.puma.test.CheckoutEndToEnd</td>
<td></td>
<td>0</td>
<td>com.puma.test.CheckoutEndToEnd@72871d3e</td></tr>
<tr>
<td title='com.puma.test.CheckoutEndToEnd.oneTimeTearDown()'><b>oneTimeTearDown</b><br>Test class: com.puma.test.CheckoutEndToEnd</td>
<td></td>
<td>0</td>
<td>com.puma.test.CheckoutEndToEnd@72871d3e</td></tr>
<tr>
<td title='com.puma.test.CheckoutEndToEnd.oneTimeTearDown()'><b>oneTimeTearDown</b><br>Test class: com.puma.test.CheckoutEndToEnd</td>
<td></td>
<td>0</td>
<td>com.puma.test.CheckoutEndToEnd@72871d3e</td></tr>
<tr>
<td title='com.puma.test.CheckoutEndToEnd.oneTimeTearDown()'><b>oneTimeTearDown</b><br>Test class: com.puma.test.CheckoutEndToEnd</td>
<td></td>
<td>0</td>
<td>com.puma.test.CheckoutEndToEnd@72871d3e</td></tr>
<tr>
<td title='com.puma.test.CheckoutEndToEnd.oneTimeTearDown()'><b>oneTimeTearDown</b><br>Test class: com.puma.test.CheckoutEndToEnd</td>
<td></td>
<td>0</td>
<td>com.puma.test.CheckoutEndToEnd@72871d3e</td></tr>
<tr>
<td title='com.puma.test.CheckoutEndToEnd.oneTimeTearDown()'><b>oneTimeTearDown</b><br>Test class: com.puma.test.CheckoutEndToEnd</td>
<td></td>
<td>0</td>
<td>com.puma.test.CheckoutEndToEnd@72871d3e</td></tr>
<tr>
<td title='com.puma.test.CheckoutEndToEnd.oneTimeTearDown()'><b>oneTimeTearDown</b><br>Test class: com.puma.test.CheckoutEndToEnd</td>
<td></td>
<td>0</td>
<td>com.puma.test.CheckoutEndToEnd@72871d3e</td></tr>
<tr>
<td title='com.puma.test.CheckoutEndToEnd.oneTimeTearDown()'><b>oneTimeTearDown</b><br>Test class: com.puma.test.CheckoutEndToEnd</td>
<td></td>
<td>0</td>
<td>com.puma.test.CheckoutEndToEnd@72871d3e</td></tr>
<tr>
<td title='com.puma.test.CheckoutEndToEnd.oneTimeTearDown()'><b>oneTimeTearDown</b><br>Test class: com.puma.test.CheckoutEndToEnd</td>
<td></td>
<td>0</td>
<td>com.puma.test.CheckoutEndToEnd@72871d3e</td></tr>
<tr>
<td title='com.puma.test.CheckoutEndToEnd.oneTimeTearDown()'><b>oneTimeTearDown</b><br>Test class: com.puma.test.CheckoutEndToEnd</td>
<td></td>
<td>0</td>
<td>com.puma.test.CheckoutEndToEnd@72871d3e</td></tr>
<tr>
<td title='com.puma.test.CheckoutEndToEnd.oneTimeTearDown()'><b>oneTimeTearDown</b><br>Test class: com.puma.test.CheckoutEndToEnd</td>
<td></td>
<td>0</td>
<td>com.puma.test.CheckoutEndToEnd@72871d3e</td></tr>
<tr>
<td title='com.puma.test.CheckoutEndToEnd.oneTimeTearDown()'><b>oneTimeTearDown</b><br>Test class: com.puma.test.CheckoutEndToEnd</td>
<td></td>
<td>0</td>
<td>com.puma.test.CheckoutEndToEnd@72871d3e</td></tr>
<tr>
<td title='com.puma.test.CheckoutEndToEnd.oneTimeTearDown()'><b>oneTimeTearDown</b><br>Test class: com.puma.test.CheckoutEndToEnd</td>
<td></td>
<td>0</td>
<td>com.puma.test.CheckoutEndToEnd@72871d3e</td></tr>
<tr>
<td title='com.puma.test.CheckoutEndToEnd.oneTimeTearDown()'><b>oneTimeTearDown</b><br>Test class: com.puma.test.CheckoutEndToEnd</td>
<td></td>
<td>0</td>
<td>com.puma.test.CheckoutEndToEnd@72871d3e</td></tr>
</table><p>
<table width='100%' border='1' class='invocation-failed'>
<tr><td colspan='4' align='center'><b>FAILED TESTS</b></td></tr>
<tr><td><b>Test method</b></td>
<td width="30%"><b>Exception</b></td>
<td width="10%"><b>Time (seconds)</b></td>
<td><b>Instance</b></td>
</tr>
<tr>
<td title='com.puma.test.CheckoutEndToEnd.step1Fields()'><b>step1Fields</b><br>Test class: com.puma.test.CheckoutEndToEnd<br>Parameters: {STREET_NUM=31, CITY=Brussel, PHONE=9255431122, EMAIL=test@yahoo.com, LNAME=fnameBrussel, COUNTRY=Belgique, ZIP=1000, ADDRESS2=, ADDRESS1=De Brouckereplein, FNAME=fnameBrussel}<br/>
<a href="#Output-1340593869" onClick='toggleBox("Output-1340593869", this, "Show output", "Hide output");'>Show output</a>

<a href="#Output-1340593869" onClick="toggleAllBoxes();">Show all outputs</a>
<div class='log' id="Output-1340593869">
On page Step2 label for radio buttons is SELECT A PAYMENT OPTION â€¢ REQUIRED<br/>
Saved <a href=../screenshot/FAIL/23_Jan_2014__06_38_22PM.png>Screenshot</a><br/>
</div>
</td>
<td><div><pre>org.openqa.selenium.NoSuchElementException: Unable to locate element: {&quot;method&quot;:&quot;css selector&quot;,&quot;selector&quot;:&quot;tr.order-total &quot;}
Command duration or timeout: 10.11 seconds
For documentation on this error, please visit: http://seleniumhq.org/exceptions/no_such_element.html
Build info: version: &apos;2.38.0&apos;, revision: &apos;bd32d4e&apos;, time: &apos;2013-12-05 16:16:40&apos;
System info: host: &apos;localhost&apos;, ip: &apos;127.0.0.1&apos;, os.name: &apos;Mac OS X&apos;, os.arch: &apos;x86_64&apos;, os.version: &apos;10.7.5&apos;, java.version: &apos;1.7.0_25&apos;
Session ID: bb54cf5a-5b58-7844-9e05-d30984b68bd5
Driver info: org.openqa.selenium.firefox.FirefoxDriver
Capabilities [{platform=MAC, acceptSslCerts=true, javascriptEnabled=true, cssSelectorsEnabled=true, databaseEnabled=true, browserName=firefox, handlesAlerts=true, browserConnectionEnabled=true, webStorageEnabled=true, nativeEvents=false, rotatable=false, locationContextEnabled=true, applicationCacheEnabled=false, takesScreenshot=true, version=26.0}]
	at org.openqa.selenium.remote.ErrorHandler.createThrowable(ErrorHandler.java:193)
	at org.openqa.selenium.remote.ErrorHandler.throwIfResponseFailed(ErrorHandler.java:145)
	at org.openqa.selenium.remote.RemoteWebDriver.execute(RemoteWebDriver.java:554)
	at org.openqa.selenium.remote.RemoteWebDriver.findElement(RemoteWebDriver.java:307)
	at org.openqa.selenium.remote.RemoteWebDriver.findElementByCssSelector(RemoteWebDriver.java:396)
	at org.openqa.selenium.By$ByCssSelector.findElement(By.java:432)
	at org.openqa.selenium.remote.RemoteWebDriver.findElement(RemoteWebDriver.java:299)
	at com.puma.util.PumaCommonMethods.submitStep2(PumaCommonMethods.java:991)
	at com.puma.test.CheckoutEndToEnd.step1Fields(CheckoutEndToEnd.java:221)
Caused by: org.openqa.selenium.remote.ErrorHandler$UnknownServerException: Unable to locate element: {&quot;method&quot;:&quot;css selector&quot;,&quot;selector&quot;:&quot;tr.order-total &quot;}
Build info: version: &apos;2.38.0&apos;, revision: &apos;bd32d4e&apos;, time: &apos;2013-12-05 16:16:40&apos;
System info: host: &apos;localhost&apos;, ip: &apos;127.0.0.1&apos;, os.name: &apos;Mac OS X&apos;, os.arch: &apos;x86_64&apos;, os.version: &apos;10.7.5&apos;, java.version: &apos;1.7.0_25&apos;
Driver info: driver.version: unknown
	at &lt;anonymous class&gt;.FirefoxDriver.prototype.findElementInternal_(file:///var/folders/_2/pb85wgk175l660128q0hftvh0000gp/T/anonymous1122220492455784665webdriver-profile/extensions/fxdriver@googlecode.com/components/driver_component.js:8860)
	at &lt;anonymous class&gt;.fxdriver.Timer.prototype.setTimeout/&lt;.notify(file:///var/folders/_2/pb85wgk175l660128q0hftvh0000gp/T/anonymous1122220492455784665webdriver-profile/extensions/fxdriver@googlecode.com/components/driver_component.js:396)
... Removed 28 stack frames</pre></div><a href='#' onClick='toggleBox("stack-trace1340593869", this, "Click to show all stack frames", "Click to hide stack frames")'>Click to show all stack frames</a>
<div class='stack-trace' id='stack-trace1340593869'><pre>org.openqa.selenium.NoSuchElementException: Unable to locate element: {&quot;method&quot;:&quot;css selector&quot;,&quot;selector&quot;:&quot;tr.order-total &quot;}
Command duration or timeout: 10.11 seconds
For documentation on this error, please visit: http://seleniumhq.org/exceptions/no_such_element.html
Build info: version: &apos;2.38.0&apos;, revision: &apos;bd32d4e&apos;, time: &apos;2013-12-05 16:16:40&apos;
System info: host: &apos;localhost&apos;, ip: &apos;127.0.0.1&apos;, os.name: &apos;Mac OS X&apos;, os.arch: &apos;x86_64&apos;, os.version: &apos;10.7.5&apos;, java.version: &apos;1.7.0_25&apos;
Session ID: bb54cf5a-5b58-7844-9e05-d30984b68bd5
Driver info: org.openqa.selenium.firefox.FirefoxDriver
Capabilities [{platform=MAC, acceptSslCerts=true, javascriptEnabled=true, cssSelectorsEnabled=true, databaseEnabled=true, browserName=firefox, handlesAlerts=true, browserConnectionEnabled=true, webStorageEnabled=true, nativeEvents=false, rotatable=false, locationContextEnabled=true, applicationCacheEnabled=false, takesScreenshot=true, version=26.0}]
	at sun.reflect.NativeConstructorAccessorImpl.newInstance0(Native Method)
	at sun.reflect.NativeConstructorAccessorImpl.newInstance(NativeConstructorAccessorImpl.java:57)
	at sun.reflect.DelegatingConstructorAccessorImpl.newInstance(DelegatingConstructorAccessorImpl.java:45)
	at java.lang.reflect.Constructor.newInstance(Constructor.java:526)
	at org.openqa.selenium.remote.ErrorHandler.createThrowable(ErrorHandler.java:193)
	at org.openqa.selenium.remote.ErrorHandler.throwIfResponseFailed(ErrorHandler.java:145)
	at org.openqa.selenium.remote.RemoteWebDriver.execute(RemoteWebDriver.java:554)
	at org.openqa.selenium.remote.RemoteWebDriver.findElement(RemoteWebDriver.java:307)
	at org.openqa.selenium.remote.RemoteWebDriver.findElementByCssSelector(RemoteWebDriver.java:396)
	at org.openqa.selenium.By$ByCssSelector.findElement(By.java:432)
	at org.openqa.selenium.remote.RemoteWebDriver.findElement(RemoteWebDriver.java:299)
	at com.puma.util.PumaCommonMethods.submitStep2(PumaCommonMethods.java:991)
	at com.puma.test.CheckoutEndToEnd.step1Fields(CheckoutEndToEnd.java:221)
	at sun.reflect.NativeMethodAccessorImpl.invoke0(Native Method)
	at sun.reflect.NativeMethodAccessorImpl.invoke(NativeMethodAccessorImpl.java:57)
	at sun.reflect.DelegatingMethodAccessorImpl.invoke(DelegatingMethodAccessorImpl.java:43)
	at java.lang.reflect.Method.invoke(Method.java:606)
	at org.testng.internal.MethodInvocationHelper.invokeMethod(MethodInvocationHelper.java:84)
	at org.testng.internal.Invoker.invokeMethod(Invoker.java:714)
	at org.testng.internal.Invoker.invokeTestMethod(Invoker.java:901)
	at org.testng.internal.Invoker.invokeTestMethods(Invoker.java:1231)
	at org.testng.internal.TestMethodWorker.invokeTestMethods(TestMethodWorker.java:127)
	at org.testng.internal.TestMethodWorker.run(TestMethodWorker.java:111)
	at org.testng.TestRunner.privateRun(TestRunner.java:767)
	at org.testng.TestRunner.run(TestRunner.java:617)
	at org.testng.SuiteRunner.runTest(SuiteRunner.java:334)
	at org.testng.SuiteRunner.runSequentially(SuiteRunner.java:329)
	at org.testng.SuiteRunner.privateRun(SuiteRunner.java:291)
	at org.testng.SuiteRunner.run(SuiteRunner.java:240)
	at org.testng.SuiteRunnerWorker.runSuite(SuiteRunnerWorker.java:52)
	at org.testng.SuiteRunnerWorker.run(SuiteRunnerWorker.java:86)
	at org.testng.TestNG.runSuitesSequentially(TestNG.java:1224)
	at org.testng.TestNG.runSuitesLocally(TestNG.java:1149)
	at org.testng.TestNG.run(TestNG.java:1057)
	at org.testng.remote.RemoteTestNG.run(RemoteTestNG.java:111)
	at org.testng.remote.RemoteTestNG.initAndRun(RemoteTestNG.java:204)
	at org.testng.remote.RemoteTestNG.main(RemoteTestNG.java:175)
Caused by: org.openqa.selenium.remote.ErrorHandler$UnknownServerException: Unable to locate element: {&quot;method&quot;:&quot;css selector&quot;,&quot;selector&quot;:&quot;tr.order-total &quot;}
Build info: version: &apos;2.38.0&apos;, revision: &apos;bd32d4e&apos;, time: &apos;2013-12-05 16:16:40&apos;
System info: host: &apos;localhost&apos;, ip: &apos;127.0.0.1&apos;, os.name: &apos;Mac OS X&apos;, os.arch: &apos;x86_64&apos;, os.version: &apos;10.7.5&apos;, java.version: &apos;1.7.0_25&apos;
Driver info: driver.version: unknown
	at &lt;anonymous class&gt;.FirefoxDriver.prototype.findElementInternal_(file:///var/folders/_2/pb85wgk175l660128q0hftvh0000gp/T/anonymous1122220492455784665webdriver-profile/extensions/fxdriver@googlecode.com/components/driver_component.js:8860)
	at &lt;anonymous class&gt;.fxdriver.Timer.prototype.setTimeout/&lt;.notify(file:///var/folders/_2/pb85wgk175l660128q0hftvh0000gp/T/anonymous1122220492455784665webdriver-profile/extensions/fxdriver@googlecode.com/components/driver_component.js:396)
</pre></div></td>
<td>21</td>
<td>com.puma.test.CheckoutEndToEnd@72871d3e</td></tr>
</table><p>
<table width='100%' border='1' class='invocation-skipped'>
<tr><td colspan='4' align='center'><b>SKIPPED TESTS</b></td></tr>
<tr><td><b>Test method</b></td>
<td width="30%"><b>Exception</b></td>
<td width="10%"><b>Time (seconds)</b></td>
<td><b>Instance</b></td>
</tr>
<tr>
<td title='com.puma.test.CheckoutEndToEnd.step1Fields()'><b>step1Fields</b><br>Test class: com.puma.test.CheckoutEndToEnd<br>Parameters: {STREET_NUM=1, CITY=PRAGUE, PHONE=420-2-2484-1111, EMAIL=test@yahoo.com, LNAME=fnamePrague, COUNTRY=Czech Republic, ZIP=186 00, ADDRESS2=, ADDRESS1=POBREZNI, FNAME=fnamePrague}</td>
<td></td>
<td>0</td>
<td>com.puma.test.CheckoutEndToEnd@72871d3e</td></tr>
<tr>
<td title='com.puma.test.CheckoutEndToEnd.step1Fields()'><b>step1Fields</b><br>Test class: com.puma.test.CheckoutEndToEnd<br>Parameters: {STREET_NUM=24-28, CITY=Copenhagen, PHONE=011 45 33 74 14 14, EMAIL=test@yahoo.com, LNAME=fnameSCopenhagen, COUNTRY=Denmark, ZIP=1253, ADDRESS2=, ADDRESS1=Toldbodgade, FNAME=fnameSCopenhagen}</td>
<td></td>
<td>0</td>
<td>com.puma.test.CheckoutEndToEnd@72871d3e</td></tr>
<tr>
<td title='com.puma.test.CheckoutEndToEnd.step1Fields()'><b>step1Fields</b><br>Test class: com.puma.test.CheckoutEndToEnd<br>Parameters: {STREET_NUM=3, CITY=Tallinn, PHONE=442-453-3741, EMAIL=test@sbcglobal.net, LNAME=fnameTalinn, COUNTRY=Estonia, ZIP=10145, ADDRESS2=, ADDRESS1=Tornimae, FNAME=fnameTalinn}</td>
<td></td>
<td>0</td>
<td>com.puma.test.CheckoutEndToEnd@72871d3e</td></tr>
<tr>
<td title='com.puma.test.CheckoutEndToEnd.step1Fields()'><b>step1Fields</b><br>Test class: com.puma.test.CheckoutEndToEnd<br>Parameters: {STREET_NUM=9-11, CITY=Barcelona, PHONE=4424533749, EMAIL=test@hotmail.com, LNAME=fnameSBarsa, COUNTRY=Espana, ZIP=08001, ADDRESS2=, ADDRESS1=Carrer Sant Pau, FNAME=fnameSBarsa}</td>
<td></td>
<td>0</td>
<td>com.puma.test.CheckoutEndToEnd@72871d3e</td></tr>
<tr>
<td title='com.puma.test.CheckoutEndToEnd.step1Fields()'><b>step1Fields</b><br>Test class: com.puma.test.CheckoutEndToEnd<br>Parameters: {STREET_NUM=10, CITY=Athens, PHONE=442 453 3741, EMAIL=test@gmail.com, LNAME=fnameAthens, COUNTRY=Greece, ZIP=11742, ADDRESS2=, ADDRESS1=Syngrou Avenue, FNAME=fnameAthens}</td>
<td></td>
<td>0</td>
<td>com.puma.test.CheckoutEndToEnd@72871d3e</td></tr>
<tr>
<td title='com.puma.test.CheckoutEndToEnd.step1Fields()'><b>step1Fields</b><br>Test class: com.puma.test.CheckoutEndToEnd<br>Parameters: {STREET_NUM=1, CITY=Milan, PHONE=442 453 3741, EMAIL=test@yahoo.com, LNAME=fnameMilan, COUNTRY=Italy, ZIP=20121, ADDRESS2=, ADDRESS1=Via Tommaso Grossi, FNAME=fnameMilan}</td>
<td></td>
<td>0</td>
<td>com.puma.test.CheckoutEndToEnd@72871d3e</td></tr>
<tr>
<td title='com.puma.test.CheckoutEndToEnd.step1Fields()'><b>step1Fields</b><br>Test class: com.puma.test.CheckoutEndToEnd<br>Parameters: {STREET_NUM=40, CITY=Liepaja, PHONE=4424533748, EMAIL=test@msn.com, LNAME=fnameRegLatvia, COUNTRY=Latvia, ZIP=3401, ADDRESS2=, ADDRESS1=Veca Ostmala, FNAME=fnameRegLatvia}</td>
<td></td>
<td>0</td>
<td>com.puma.test.CheckoutEndToEnd@72871d3e</td></tr>
<tr>
<td title='com.puma.test.CheckoutEndToEnd.step1Fields()'><b>step1Fields</b><br>Test class: com.puma.test.CheckoutEndToEnd<br>Parameters: {STREET_NUM=9, CITY=Clervaux, PHONE=4424533748, EMAIL=test@latvia.com, LNAME=fnameRegLuxemburg, COUNTRY=Luxembourg, ZIP=9710, ADDRESS2=, ADDRESS1=Grand Rue, FNAME=fnameRegLuxemburg}</td>
<td></td>
<td>0</td>
<td>com.puma.test.CheckoutEndToEnd@72871d3e</td></tr>
<tr>
<td title='com.puma.test.CheckoutEndToEnd.step1Fields()'><b>step1Fields</b><br>Test class: com.puma.test.CheckoutEndToEnd<br>Parameters: {STREET_NUM=8, CITY=Budapest, PHONE=4424533748, EMAIL=testHungary@gmail.com, LNAME=fnameRegHungary, COUNTRY=Hungary, ZIP=1073, ADDRESS2=, ADDRESS1=Erzsebet korut, FNAME=fnameRegHungary}</td>
<td></td>
<td>0</td>
<td>com.puma.test.CheckoutEndToEnd@72871d3e</td></tr>
<tr>
<td title='com.puma.test.CheckoutEndToEnd.step1Fields()'><b>step1Fields</b><br>Test class: com.puma.test.CheckoutEndToEnd<br>Parameters: {STREET_NUM=144, CITY=Amsterdam, PHONE=4424533738, EMAIL=test_amsterdam@gmail.com, LNAME=fnameRegNetherlands, COUNTRY=Netherlands, ZIP=1017 AE, ADDRESS2=, ADDRESS1=Amstel, FNAME=fnameRegNetherlands}</td>
<td></td>
<td>0</td>
<td>com.puma.test.CheckoutEndToEnd@72871d3e</td></tr>
<tr>
<td title='com.puma.test.CheckoutEndToEnd.step1Fields()'><b>step1Fields</b><br>Test class: com.puma.test.CheckoutEndToEnd<br>Parameters: {STREET_NUM=45, CITY=Warsaw, PHONE=4424533738, EMAIL=test_poland@gmail.com, LNAME=fnameRegPoland, COUNTRY=Poland, ZIP=00-692, ADDRESS2=, ADDRESS1=Aleje Jerozolimskie, FNAME=fnameRegPoland}</td>
<td></td>
<td>0</td>
<td>com.puma.test.CheckoutEndToEnd@72871d3e</td></tr>
<tr>
<td title='com.puma.test.CheckoutEndToEnd.step1Fields()'><b>step1Fields</b><br>Test class: com.puma.test.CheckoutEndToEnd<br>Parameters: {STREET_NUM=111, CITY=Porto, PHONE=4524533738, EMAIL=test_poRtugal@gmail.com, LNAME=fnameRegPortugal, COUNTRY=Portugal, ZIP=4350-226, ADDRESS2=, ADDRESS1=Rua Padre Manuel da Nobrega, FNAME=fnameRegPortugal}</td>
<td></td>
<td>0</td>
<td>com.puma.test.CheckoutEndToEnd@72871d3e</td></tr>
<tr>
<td title='com.puma.test.CheckoutEndToEnd.step1Fields()'><b>step1Fields</b><br>Test class: com.puma.test.CheckoutEndToEnd<br>Parameters: {STREET_NUM=1, CITY=Kosice, PHONE=4524533738, EMAIL=test_slovakia@gmail.com, LNAME=fnameRegSlovakia, COUNTRY=Slovakia, ZIP=040 01, ADDRESS2=, ADDRESS1=Hlavna, FNAME=fnameRegSlovakia}</td>
<td></td>
<td>0</td>
<td>com.puma.test.CheckoutEndToEnd@72871d3e</td></tr>
<tr>
<td title='com.puma.test.CheckoutEndToEnd.step1Fields()'><b>step1Fields</b><br>Test class: com.puma.test.CheckoutEndToEnd<br>Parameters: {STREET_NUM=15, CITY=Ljubljana, PHONE=4524533738, EMAIL=testSlovenia@gmail.com, LNAME=fnameRegSlovenia, COUNTRY=Slovenia, ZIP=1000, ADDRESS2=, ADDRESS1=Slovenska Cesta, FNAME=fnameRegSlovenia}</td>
<td></td>
<td>0</td>
<td>com.puma.test.CheckoutEndToEnd@72871d3e</td></tr>
<tr>
<td title='com.puma.test.CheckoutEndToEnd.step1Fields()'><b>step1Fields</b><br>Test class: com.puma.test.CheckoutEndToEnd<br>Parameters: {STREET_NUM=29, CITY=Helsinki, PHONE=4524533738, EMAIL=testFinland@hotmail.com, LNAME=fnameRegFinland, COUNTRY=Finland, ZIP=00100, ADDRESS2=, ADDRESS1=Pohjoisesplanadi, FNAME=fnameRegFinland}</td>
<td></td>
<td>0</td>
<td>com.puma.test.CheckoutEndToEnd@72871d3e</td></tr>
<tr>
<td title='com.puma.test.CheckoutEndToEnd.step1Fields()'><b>step1Fields</b><br>Test class: com.puma.test.CheckoutEndToEnd<br>Parameters: {STREET_NUM=4, CITY=Stockholm, PHONE=4524532738, EMAIL=testSweden@hotmail.com, LNAME=fnameRegSweden, COUNTRY=Sweden, ZIP=11164, ADDRESS2=, ADDRESS1=Nils Ericssons Plan, FNAME=fnameRegSweden}</td>
<td></td>
<td>0</td>
<td>com.puma.test.CheckoutEndToEnd@72871d3e</td></tr>
</table><p>
</body>
</html>